[1] 2707
[1] "Amolops albispinus NotFound"
[1] "Amolops aniqiaoensis NotFound"
[1] "Amolops bellulus NotFound"
[1] "Amolops chayuensis NotFound"
[1] "Amolops hainanensis NotFound"
[1] "Amolops jinjiangensis NotFound"
[1] "Amolops kaulbacki NotFound"
[1] "Amolops lifanensis NotFound"
[1] "Amolops longimanus NotFound"
[1] "Amolops medogensis NotFound"
[1] "Amolops mengdingensis NotFound"
[1] "Amolops minutus NotFound"
[1] "Amolops nyingchiensis NotFound"
[1] "Amolops shuichengicus NotFound"
[1] "Amolops splendissimus NotFound"
[1] "Amolops tuberodepressus NotFound"
[1] "Amolops viridimaculatus NotFound"
[1] "Amolops wenshanensis NotFound"
[1] "Amolops xinduqiao NotFound"
[1] "Amolops yunkaiensis NotFound"
[1] "Batrachuperus karlschmidti NotFound"
[1] "Batrachuperus yenyuanensis NotFound"
[1] "Bombina lichuanensis NotFound"
[1] "Buergeria choui NotFound"
[1] "Buergeria otai NotFound"
[1] "Bufo bankorensis NotFound"
[1] "Bufo cryptotympanicus NotFound"
[1] "Bufo tuberculatus NotFound"
[1] "Echinotriton chinhaiensis NotFound"
[1] "Feihyla fuhua NotFound"
[1] "Gracixalus guangdongensis NotFound"
[1] "Gracixalus tianlinensis NotFound"
[1] "Hyla annectans NotFound"
[1] "Hyla sanchiangensis NotFound"
[1] "Hyla tsinlingensis NotFound"
[1] "Hyla zhaopingensis NotFound"
[1] "Hynobius amjiensis NotFound"
[1] "Hynobius arisanensis NotFound"
[1] "Hynobius chinensis NotFound"
[1] "Hynobius guabangshanensis NotFound"
[1] "Hynobius maoershanensis NotFound"
[1] "Hynobius yiwuensis NotFound"
[1] "Ichthyophis bannanicus NotFound"
[1] "Kalophrynus interlineatus NotFound"
[1] "Kalophrynus menglienicus NotFound"
[1] "Kaloula nonggangensis NotFound"
[1] "Kaloula rugifera NotFound"
[1] "Kurixalus lenquanensis NotFound"
[1] "Leptobrachella bijie NotFound"
[1] "Leptobrachella purpuraventra NotFound"
[1] "Leptobrachella shangsiensis NotFound"
[1] "Leptobrachella wuhuangmontis NotFound"
[1] "Leptobrachella yunkaiensis NotFound"
[1] "Leptobrachium hainanense NotFound"
[1] "Leptobrachium huashen NotFound"
[1] "Leptobrachium tengchongense NotFound"
[1] "Limnonectes taylori NotFound"
[1] "Liuixalus shiwandashan NotFound"
[1] "Liurana vallecula NotFound"
[1] "Megophrys feii NotFound"
[1] "Megophrys leishanensis NotFound"
[1] "Megophrys obesa NotFound"
[1] "Megophrys ombrophila NotFound"
[1] "Microhyla fissipes NotFound"
[1] "Microhyla heymonsi NotFound"
[1] "Microhyla mixtura NotFound"
[1] "Nanorana pleskei NotFound"
[1] "Nanorana ventripunctata NotFound"
[1] "Nasutixalus yingjiangensis NotFound"
[1] "Odorrana geminata NotFound"
[1] "Odorrana kweichowensis NotFound"
[1] "Odorrana nanjiangensis NotFound"
[1] "Odorrana yizhangensis NotFound"
[1] "Odorrana zhaoi NotFound"
[1] "Onychodactylus zhangyapingi NotFound"
[1] "Oreolalax chuanbeiensis NotFound"
[1] "Oreolalax granulosus NotFound"
[1] "Oreolalax jingdongensis NotFound"
[1] "Oreolalax liangbeiensis NotFound"
[1] "Oreolalax lichuanensis NotFound"
[1] "Oreolalax multipunctatus NotFound"
[1] "Oreolalax nanjiangensis NotFound"
[1] "Oreolalax puxiongensis NotFound"
[1] "Oreolalax rhodostigmatus NotFound"
[1] "Oreolalax rugosus TimeOut"
[1] "Oreolalax schmidti TimeOut"
[1] "Oreolalax weigoldi TimeOut"
[1] "Oreolalax xiangchengensis TimeOut"
[1] "Pachytriton archospotus NotFound"
[1] "Pachytriton brevipes NotFound"
[1] "Pachytriton changi NotFound"
[1] "Pachytriton feii NotFound"
[1] "Pachytriton granulosus NotFound"
[1] "Pachytriton inexpectatus NotFound"
[1] "Pachytriton moi NotFound"
[1] "Pachytriton wuguanfui NotFound"
[1] "Pachytriton xanthospilos NotFound"
[1] "Paramesotriton aurantius NotFound"
[1] "Paramesotriton fuzhongensis NotFound"
[1] "Paramesotriton longliensis NotFound"
[1] "Paramesotriton maolanensis NotFound"
[1] "Paramesotriton qixilingensis NotFound"
[1] "Paramesotriton wulingensis NotFound"
[1] "Paramesotriton yunwuensis NotFound"
[1] "Paramesotriton zhijinensis NotFound"
[1] "Philautus kempii NotFound"
[1] "Philautus maosonensis NotFound"
[1] "Philautus tytthus NotFound"
[1] "Polypedates megacephalus NotFound"
[1] "Polypedates mutus NotFound"
[1] "Pseudohynobius guizhouensis NotFound"
[1] "Pseudohynobius jinfo NotFound"
[1] "Pseudohynobius kuankuoshuiensis NotFound"
[1] "Pseudohynobius shuichengensis NotFound"
[1] "Quasipaa acanthophora NotFound"
[1] "Rana chaochiaoensis NotFound"
[1] "Rana chevronta NotFound"
[1] "Rana hanluica NotFound"
[1] "Rana longicrus NotFound"
[1] "Rana luanchuanensis NotFound"
[1] "Rana omeimontis NotFound"
[1] "Rana shuchinae NotFound"
[1] "Rana zhengi NotFound"
[1] "Rana zhenhaiensis NotFound"
[1] "Ranodon sibiricus NotFound"
[1] "Rhacophorus kio NotFound"
[1] "Rhacophorus laoshan NotFound"
[1] "Rhacophorus taronensis NotFound"
[1] "Rhacophorus translineatus NotFound"
[1] "Rhacophorus tuberculatus NotFound"
[1] "Rhacophorus verrucopus NotFound"
[1] "Scutiger adungensis NotFound"
[1] "Scutiger chintingensis NotFound"
[1] "Scutiger gongshanensis NotFound"
[1] "Scutiger jiulongensis NotFound"
[1] "Scutiger muliensis NotFound"
[1] "Scutiger nepalensis NotFound"
[1] "Scutiger ningshanensis NotFound"
[1] "Scutiger pingwuensis NotFound"
[1] "Scutiger tengchongensis NotFound"
[1] "Scutiger tuberculatus NotFound"
[1] "Scutiger wanglangensis NotFound"
[1] "Scutiger wuguanfui NotFound"
[1] "Theloderma gordoni NotFound"
[1] "Theloderma lateriticum NotFound"
[1] "Tylototriton anguliceps NotFound"
[1] "Tylototriton anhuiensis NotFound"
[1] "Tylototriton kweichowensis NotFound"
[1] "Tylototriton liuyangensis NotFound"
[1] "Tylototriton lizhengchangi NotFound"
[1] "Tylototriton pseudoverrucosus NotFound"
[1] "Tylototriton shanjing NotFound"
[1] "Tylototriton verrucosus NotFound"
[1] "Tylototriton wenxianensis NotFound"
[1] "Tylototriton yangi NotFound"
[1] "Tylototriton ziegleri NotFound"
[1] "Abroscopus albogularis NotFound"
[1] "Abroscopus schisticeps NotFound"
[1] "Abroscopus superciliaris NotFound"
[1] "Accipiter badius NotFound"
[1] "Accipiter gentilis NotFound"
[1] "Accipiter gularis NotFound"
[1] "Accipiter nisus NotFound"
[1] "Accipiter soloensis NotFound"
[1] "Accipiter trivirgatus NotFound"
[1] "Accipiter virgatus NotFound"
[1] "Aceros nipalensis NotFound"
[1] "Acridotheres albocinctus NotFound"
[1] "Acridotheres burmannicus NotFound"
[1] "Acridotheres cristatellus NotFound"
[1] "Acridotheres ginginianus NotFound"
[1] "Acridotheres grandis NotFound"
[1] "Acrocephalus agricola NotFound"
[1] "Acrocephalus arundinaceus NotFound"
[1] "Acrocephalus bistrigiceps NotFound"
[1] "Acrocephalus concinens NotFound"
[1] "Acrocephalus dumetorum NotFound"
[1] "Acrocephalus orientalis NotFound"
[1] "Acrocephalus schoenobaenus NotFound"
[1] "Acrocephalus scirpaceus NotFound"
[1] "Acrocephalus stentoreus NotFound"
[1] "Acrocephalus tangorum NotFound"
[1] "Actinodura egertoni NotFound"
[1] "Actinodura radcliffei NotFound"
[1] "Aegithalos bonvaloti NotFound"
[1] "Aegithalos caudatus NotFound"
[1] "Aegithalos concinnus NotFound"
[1] "Aegithalos fuliginosus NotFound"
[1] "Aegithalos glaucogularis NotFound"
[1] "Aegithalos iouschistos NotFound"
[1] "Aegithalos iredalei NotFound"
[1] "Aegithina lafresnayei NotFound"
[1] "Aegithina tiphia NotFound"
[1] "Aegolius funereus NotFound"
[1] "Aegypius monachus NotFound"
[1] "Aethopyga christinae NotFound"
[1] "Aethopyga gouldiae NotFound"
[1] "Aethopyga ignicauda NotFound"
[1] "Aethopyga latouchii NotFound"
[1] "Aethopyga nipalensis NotFound"
[1] "Aethopyga saturata NotFound"
[1] "Aethopyga siparaja NotFound"
[1] "Aix galericulata NotFound"
[1] "Alauda gulgula NotFound"
[1] "Alcedo atthis NotFound"
[1] "Alcedo hercules NotFound"
[1] "Alcedo meninting NotFound"
[1] "Alcippe morrisonia NotFound"
[1] "Alcippe nipalensis NotFound"
[1] "Alcippe poioicephala NotFound"
[1] "Alectoris chukar NotFound"
[1] "Alectoris magna NotFound"
[1] "Alophoixus flaveolus NotFound"
[1] "Alophoixus pallidus NotFound"
[1] "Amandava amandava NotFound"
[1] "Amaurornis phoenicurus NotFound"
[1] "Ampeliceps coronatus NotFound"
[1] "Anas acuta NotFound"
[1] "Anas crecca NotFound"
[1] "Anas platyrhynchos NotFound"
[1] "Anas poecilorhyncha NotFound"
[1] "Anorrhinus austeni NotFound"
[1] "Anser albifrons NotFound"
[1] "Anser anser NotFound"
[1] "Anser erythropus NotFound"
[1] "Anser fabalis NotFound"
[1] "Anser indicus NotFound"
[1] "Anthracoceros albirostris NotFound"
[1] "Anthus campestris NotFound"
[1] "Anthus cervinus NotFound"
[1] "Anthus godlewskii NotFound"
[1] "Anthus gustavi NotFound"
[1] "Anthus hodgsoni NotFound"
[1] "Anthus richardi NotFound"
[1] "Anthus roseatus NotFound"
[1] "Anthus rubescens NotFound"
[1] "Anthus rufulus NotFound"
[1] "Anthus spinoletta NotFound"
[1] "Anthus sylvanus NotFound"
[1] "Anthus trivialis NotFound"
[1] "Apus apus NotFound"
[1] "Apus nipalensis NotFound"
[1] "Apus pacificus NotFound"
[1] "Aquila chrysaetos NotFound"
[1] "Aquila heliaca NotFound"
[1] "Aquila nipalensis NotFound"
[1] "Arachnothera longirostra NotFound"
[1] "Arachnothera magna NotFound"
[1] "Arborophila ardens NotFound"
[1] "Arborophila atrogularis NotFound"
[1] "Arborophila brunneopectus NotFound"
[1] "Arborophila crudigularis NotFound"
[1] "Arborophila gingica NotFound"
[1] "Arborophila mandellii NotFound"
[1] "Arborophila rufipectus NotFound"
[1] "Arborophila rufogularis NotFound"
[1] "Arborophila torqueola NotFound"
[1] "Ardea cinerea NotFound"
[1] "Ardea intermedia NotFound"
[1] "Ardea purpurea NotFound"
[1] "Ardeola bacchus NotFound"
[1] "Arenaria interpres NotFound"
[1] "Artamus fuscus NotFound"
[1] "Asio flammeus NotFound"
[1] "Asio otus NotFound"
[1] "Athene noctua NotFound"
[1] "Aviceda jerdoni NotFound"
[1] "Aviceda leuphotes NotFound"
[1] "Aythya baeri NotFound"
[1] "Aythya ferina NotFound"
[1] "Aythya fuligula NotFound"
[1] "Aythya marila NotFound"
[1] "Aythya nyroca NotFound"
[1] "Bambusicola fytchii NotFound"
[1] "Bambusicola sonorivox NotFound"
[1] "Bambusicola thoracicus NotFound"
[1] "Batrachostomus hodgsoni NotFound"
[1] "Blythipicus pyrrhotis NotFound"
[1] "Bombycilla garrulus NotFound"
[1] "Bombycilla japonica NotFound"
[1] "Bonasa bonasia NotFound"
[1] "Bonasa sewerzowi NotFound"
[1] "Botaurus stellaris NotFound"
[1] "Brachypodius atriceps NotFound"
[1] "Brachypteryx cruralis NotFound"
[1] "Brachypteryx goodfellowi NotFound"
[1] "Brachypteryx hyperythra NotFound"
[1] "Brachypteryx sinensis NotFound"
[1] "Branta bernicla NotFound"
[1] "Bubo bubo NotFound"
[1] "Bubo coromandus NotFound"
[1] "Bubo nipalensis NotFound"
[1] "Bucephala clangula NotFound"
[1] "Buceros bicornis NotFound"
[1] "Burhinus oedicnemus NotFound"
[1] "Butastur indicus NotFound"
[1] "Butastur liventer NotFound"
[1] "Butastur teesa NotFound"
[1] "Buteo buteo NotFound"
[1] "Buteo hemilasius NotFound"
[1] "Buteo japonicus NotFound"
[1] "Buteo lagopus NotFound"
[1] "Buteo refectus NotFound"
[1] "Buteo rufinus NotFound"
[1] "Cacomantis merulinus NotFound"
[1] "Cacomantis sonneratii NotFound"
[1] "Calandrella acutirostris NotFound"
[1] "Calandrella brachydactyla NotFound"
[1] "Calcarius lapponicus NotFound"
[1] "Calidris acuminata NotFound"
[1] "Calidris alba NotFound"
[1] "Calidris ferruginea NotFound"
[1] "Calidris ruficollis NotFound"
[1] "Calidris subminuta NotFound"
[1] "Calidris temminckii NotFound"
[1] "Calliope pectoralis NotFound"
[1] "Calliope tschebaiewi NotFound"
[1] "Caprimulgus affinis NotFound"
[1] "Caprimulgus europaeus NotFound"
[1] "Caprimulgus jotaka NotFound"
[1] "Caprimulgus macrurus NotFound"
[1] "Carduelis caniceps NotFound"
[1] "Carpodacus dubius NotFound"
[1] "Carpodacus edwardsii NotFound"
[1] "Carpodacus erythrinus NotFound"
[1] "Carpodacus formosanus NotFound"
[1] "Carpodacus pulcherrimus NotFound"
[1] "Carpodacus puniceus NotFound"
[1] "Carpodacus rhodochlamys NotFound"
[1] "Carpodacus rodopeplus NotFound"
[1] "Carpodacus roseus NotFound"
[1] "Carpodacus rubicilla NotFound"
[1] "Carpodacus rubicilloides NotFound"
[1] "Carpodacus stoliczkae NotFound"
[1] "Carpodacus thura NotFound"
[1] "Carpodacus trifasciatus NotFound"
[1] "Carpodacus verreauxii NotFound"
[1] "Carpodacus vinaceus NotFound"
[1] "Carpodacus waltoni NotFound"
[1] "Cecropis daurica NotFound"
[1] "Centropus bengalensis NotFound"
[1] "Centropus sinensis NotFound"
[1] "Cephalopyrus flammiceps NotFound"
[1] "Certhia discolor NotFound"
[1] "Certhia himalayana NotFound"
[1] "Certhia hodgsoni NotFound"
[1] "Certhia nipalensis NotFound"
[1] "Certhia tianquanensis NotFound"
[1] "Cettia brunnifrons NotFound"
[1] "Cettia castaneocoronata TimeOut"
[1] "Cettia cetti TimeOut"
[1] "Cettia major TimeOut"
[1] "Ceyx erithaca TimeOut"
[1] "Chalcophaps indica NotFound"
[1] "Charadrius alexandrinus NotFound"
[1] "Charadrius asiaticus NotFound"
[1] "Charadrius dealbatus NotFound"
[1] "Charadrius dubius NotFound"
[1] "Charadrius leschenaultii NotFound"
[1] "Charadrius mongolus NotFound"
[1] "Charadrius placidus NotFound"
[1] "Charadrius veredus NotFound"
[1] "Chlamydotis macqueenii NotFound"
[1] "Chloropsis aurifrons NotFound"
[1] "Chloropsis hardwickii NotFound"
[1] "Chloropsis lazulina NotFound"
[1] "Chloropsis moluccensis NotFound"
[1] "Chrysococcyx maculatus NotFound"
[1] "Chrysococcyx xanthorhynchus NotFound"
[1] "Chrysocolaptes guttacristatus NotFound"
[1] "Chrysolophus amherstiae NotFound"
[1] "Chrysolophus pictus NotFound"
[1] "Chrysomma sinense NotFound"
[1] "Ciconia boyciana NotFound"
[1] "Ciconia ciconia NotFound"
[1] "Ciconia episcopus NotFound"
[1] "Ciconia nigra NotFound"
[1] "Cinclidium frontale NotFound"
[1] "Cinclus cinclus NotFound"
[1] "Cinclus pallasii NotFound"
[1] "Circaetus gallicus NotFound"
[1] "Circus aeruginosus NotFound"
[1] "Circus cyaneus NotFound"
[1] "Circus macrourus NotFound"
[1] "Circus melanoleucos NotFound"
[1] "Circus pygargus NotFound"
[1] "Circus spilonotus NotFound"
[1] "Cissa chinensis NotFound"
[1] "Cissa hypoleuca NotFound"
[1] "Cisticola exilis NotFound"
[1] "Clamator coromandus NotFound"
[1] "Clangula hyemalis NotFound"
[1] "Coccothraustes coccothraustes NotFound"
[1] "Cochoa purpurea NotFound"
[1] "Cochoa viridis NotFound"
[1] "Columba eversmanni NotFound"
[1] "Columba hodgsonii NotFound"
[1] "Columba leuconota NotFound"
[1] "Columba livia NotFound"
[1] "Columba oenas NotFound"
[1] "Columba palumbus NotFound"
[1] "Columba pulchricollis NotFound"
[1] "Columba punicea NotFound"
[1] "Columba rupestris NotFound"
[1] "Conostoma aemodium NotFound"
[1] "Copsychus saularis NotFound"
[1] "Coracias affinis NotFound"
[1] "Coracias garrulus NotFound"
[1] "Coracina javensis NotFound"
[1] "Corvus corax NotFound"
[1] "Corvus corone NotFound"
[1] "Corvus dauuricus NotFound"
[1] "Corvus frugilegus NotFound"
[1] "Corvus monedula NotFound"
[1] "Corvus splendens NotFound"
[1] "Coturnicops exquisitus NotFound"
[1] "Coturnix coturnix NotFound"
[1] "Coturnix japonica NotFound"
[1] "Crex crex NotFound"
[1] "Crossoptilon auritum NotFound"
[1] "Crossoptilon crossoptilon NotFound"
[1] "Crossoptilon harmani NotFound"
[1] "Crossoptilon mantchuricum NotFound"
[1] "Crypsirina temia NotFound"
[1] "Cuculus canorus NotFound"
[1] "Cuculus micropterus NotFound"
[1] "Cuculus poliocephalus NotFound"
[1] "Culicicapa ceylonensis NotFound"
[1] "Cutia nipalensis NotFound"
[1] "Cyanopica cyanus NotFound"
[1] "Cyanoptila cumatilis TimeOut"
[1] "Cyanoptila cyanomelana TimeOut"
[1] "Cygnus columbianus NotFound"
[1] "Cygnus cygnus NotFound"
[1] "Cygnus olor NotFound"
[1] "Cyornis banyumas NotFound"
[1] "Cyornis brunneatus NotFound"
[1] "Cyornis concretus NotFound"
[1] "Cyornis glaucicomans NotFound"
[1] "Cyornis hainanus NotFound"
[1] "Cyornis poliogenys NotFound"
[1] "Cyornis rubeculoides NotFound"
[1] "Cyornis unicolor NotFound"
[1] "Cypsiurus balasiensis NotFound"
[1] "Delichon dasypus NotFound"
[1] "Delichon lagopodum NotFound"
[1] "Delichon urbicum NotFound"
[1] "Dendrocitta formosae NotFound"
[1] "Dendrocitta frontalis NotFound"
[1] "Dendrocopos atratus NotFound"
[1] "Dendrocopos darjellensis NotFound"
[1] "Dendrocopos hyperythrus NotFound"
[1] "Dendrocopos leucopterus NotFound"
[1] "Dendrocopos leucotos NotFound"
[1] "Dendrocopos major NotFound"
[1] "Dendrocygna javanica NotFound"
[1] "Dendronanthus indicus NotFound"
[1] "Dicaeum chrysorrheum NotFound"
[1] "Dicaeum cruentatum NotFound"
[1] "Dicaeum ignipectus NotFound"
[1] "Dicaeum melanozanthum NotFound"
[1] "Dicaeum minullum NotFound"
[1] "Dicrurus aeneus NotFound"
[1] "Dicrurus hottentottus NotFound"
[1] "Dicrurus leucophaeus NotFound"
[1] "Dicrurus macrocercus NotFound"
[1] "Dicrurus paradiseus NotFound"
[1] "Dicrurus remifer NotFound"
[1] "Dinopium javanense NotFound"
[1] "Dryobates cathpharius NotFound"
[1] "Dryobates pernyii NotFound"
[1] "Dryocopus javensis NotFound"
[1] "Dryocopus martius NotFound"
[1] "Ducula aenea NotFound"
[1] "Ducula badia NotFound"
[1] "Egretta eulophotes NotFound"
[1] "Egretta garzetta NotFound"
[1] "Egretta sacra NotFound"
[1] "Elanus caeruleus NotFound"
[1] "Emberiza aureola NotFound"
[1] "Emberiza bruniceps NotFound"
[1] "Emberiza buchanani NotFound"
[1] "Emberiza chrysophrys NotFound"
[1] "Emberiza cia NotFound"
[1] "Emberiza cioides NotFound"
[1] "Emberiza citrinella NotFound"
[1] "Emberiza elegans NotFound"
[1] "Emberiza fucata NotFound"
[1] "Emberiza godlewskii NotFound"
[1] "Emberiza hortulana NotFound"
[1] "Emberiza jankowskii NotFound"
[1] "Emberiza koslowi NotFound"
[1] "Emberiza leucocephalos NotFound"
[1] "Emberiza pallasi NotFound"
[1] "Emberiza pusilla NotFound"
[1] "Emberiza rustica NotFound"
[1] "Emberiza rutila NotFound"
[1] "Emberiza schoeniclus NotFound"
[1] "Emberiza spodocephala NotFound"
[1] "Emberiza tristrami NotFound"
[1] "Emberiza yessoensis NotFound"
[1] "Enicurus leschenaulti NotFound"
[1] "Enicurus maculatus NotFound"
[1] "Enicurus schistaceus NotFound"
[1] "Enicurus scouleri NotFound"
[1] "Eophona migratoria NotFound"
[1] "Eophona personata NotFound"
[1] "Eremophila alpestris NotFound"
[1] "Eurystomus orientalis NotFound"
[1] "Falco amurensis NotFound"
[1] "Falco cherrug NotFound"
[1] "Falco columbarius NotFound"
[1] "Falco naumanni NotFound"
[1] "Falco rusticolus NotFound"
[1] "Falco severus TimeOut"
[1] "Falco subbuteo TimeOut"
[1] "Falco tinnunculus TimeOut"
[1] "Falco vespertinus NotFound"
[1] "Ficedula albicilla NotFound"
[1] "Ficedula elisae NotFound"
[1] "Ficedula hyperythra NotFound"
[1] "Ficedula mugimaki NotFound"
[1] "Ficedula narcissina NotFound"
[1] "Ficedula sapphira NotFound"
[1] "Ficedula strophiata NotFound"
[1] "Ficedula superciliaris NotFound"
[1] "Ficedula tricolor NotFound"
[1] "Ficedula westermanni NotFound"
[1] "Ficedula zanthopygia NotFound"
[1] "Francolinus pintadeanus NotFound"
[1] "Fringilla coelebs NotFound"
[1] "Fringilla montifringilla NotFound"
[1] "Fulica atra NotFound"
[1] "Galerida cristata NotFound"
[1] "Gallicrex cinerea NotFound"
[1] "Gallinago gallinago NotFound"
[1] "Gallinago hardwickii NotFound"
[1] "Gallinago megala NotFound"
[1] "Gallinago nemoricola NotFound"
[1] "Gallinago solitaria NotFound"
[1] "Gallinago stenura NotFound"
[1] "Gallinula chloropus NotFound"
[1] "Gallus gallus NotFound"
[1] "Gampsorhynchus rufulus NotFound"
[1] "Gampsorhynchus torquatus NotFound"
[1] "Garrulax albogularis NotFound"
[1] "Garrulax berthemyi NotFound"
[1] "Garrulax bieti NotFound"
[1] "Garrulax caerulatus NotFound"
[1] "Garrulax canorus NotFound"
[1] "Garrulax castanotis NotFound"
[1] "Garrulax chinensis NotFound"
[1] "Garrulax cineraceus NotFound"
[1] "Garrulax cinereiceps NotFound"
[1] "Garrulax davidi NotFound"
[1] "Garrulax leucolophus NotFound"
[1] "Garrulax lunulatus NotFound"
[1] "Garrulax maesi NotFound"
[1] "Garrulax maximus NotFound"
[1] "Garrulax merulinus NotFound"
[1] "Garrulax monachus NotFound"
[1] "Garrulax monileger NotFound"
[1] "Garrulax ocellatus NotFound"
[1] "Garrulax pectoralis NotFound"
[1] "Garrulax perspicillatus NotFound"
[1] "Garrulax poecilorhynchus NotFound"
[1] "Garrulax ruficeps NotFound"
[1] "Garrulax ruficollis NotFound"
[1] "Garrulax rufogularis NotFound"
[1] "Garrulax sannio NotFound"
[1] "Garrulax strepitans NotFound"
[1] "Garrulax sukatschewi NotFound"
[1] "Garrulax taewanus NotFound"
[1] "Garrulus bispecularis NotFound"
[1] "Garrulus glandarius NotFound"
[1] "Garrulus leucotis NotFound"
[1] "Gecinulus grantia NotFound"
[1] "Glareola lactea NotFound"
[1] "Glareola maldivarum NotFound"
[1] "Glareola pratincola NotFound"
[1] "Glaucidium brodiei NotFound"
[1] "Glaucidium cuculoides NotFound"
[1] "Glaucidium passerinum NotFound"
[1] "Gorsachius goisagi NotFound"
[1] "Gracula religiosa NotFound"
[1] "Gracupica contra NotFound"
[1] "Graminicola striatus NotFound"
[1] "Grandala coelicolor NotFound"
[1] "Grus grus NotFound"
[1] "Grus japonensis NotFound"
[1] "Grus monacha NotFound"
[1] "Grus nigricollis NotFound"
[1] "Gypaetus barbatus NotFound"
[1] "Gyps bengalensis NotFound"
[1] "Gyps fulvus NotFound"
[1] "Gyps himalayensis NotFound"
[1] "Haematopus ostralegus NotFound"
[1] "Halcyon coromanda NotFound"
[1] "Halcyon pileata NotFound"
[1] "Halcyon smyrnensis NotFound"
[1] "Haliaeetus albicilla NotFound"
[1] "Haliaeetus leucogaster NotFound"
[1] "Haliaeetus leucoryphus NotFound"
[1] "Haliaeetus pelagicus NotFound"
[1] "Haliastur indus NotFound"
[1] "Harpactes erythrocephalus NotFound"
[1] "Harpactes oreskios NotFound"
[1] "Harpactes wardi NotFound"
[1] "Hemiprocne coronata NotFound"
[1] "Hemipus picatus NotFound"
[1] "Hemixos castanonotus NotFound"
[1] "Hemixos flavala NotFound"
[1] "Heterophasia auricularis NotFound"
[1] "Heterophasia capistrata NotFound"
[1] "Heterophasia desgodinsi NotFound"
[1] "Heterophasia gracilis NotFound"
[1] "Heterophasia melanoleuca NotFound"
[1] "Heterophasia picaoides NotFound"
[1] "Heterophasia pulchella NotFound"
[1] "Hieraaetus pennatus NotFound"
[1] "Hierococcyx hyperythrus NotFound"
[1] "Hierococcyx nisicolor NotFound"
[1] "Hierococcyx sparverioides NotFound"
[1] "Hirundapus caudacutus NotFound"
[1] "Hirundapus cochinchinensis NotFound"
[1] "Hirundo rustica NotFound"
[1] "Histrionicus histrionicus NotFound"
[1] "Hodgsonius phaenicuroides NotFound"
[1] "Hydrophasianus chirurgus NotFound"
[1] "Hypothymis azurea NotFound"
[1] "Hypsipetes leucocephalus NotFound"
[1] "Ibidorhyncha struthersii NotFound"
[1] "Indicator xanthonotus NotFound"
[1] "Iole propinqua NotFound"
[1] "Irena puella NotFound"
[1] "Ithaginis cruentus NotFound"
[1] "Ixobrychus cinnamomeus NotFound"
[1] "Ixobrychus eurhythmus NotFound"
[1] "Ixobrychus minutus NotFound"
[1] "Ixobrychus sinensis NotFound"
[1] "Jynx torquilla NotFound"
[1] "Ketupa flavipes NotFound"
[1] "Ketupa zeylonensis NotFound"
[1] "Kittacincla malabarica NotFound"
[1] "Lagopus lagopus NotFound"
[1] "Lanius borealis NotFound"
[1] "Lanius bucephalus NotFound"
[1] "Lanius collurio NotFound"
[1] "Lanius collurioides NotFound"
[1] "Lanius cristatus NotFound"
[1] "Lanius excubitor NotFound"
[1] "Lanius giganteus NotFound"
[1] "Lanius isabellinus NotFound"
[1] "Lanius minor NotFound"
[1] "Lanius phoenicuroides NotFound"
[1] "Lanius schach NotFound"
[1] "Lanius sphenocercus NotFound"
[1] "Lanius tephronotus NotFound"
[1] "Lanius tigrinus NotFound"
[1] "Larvivora akahige NotFound"
[1] "Leiothrix argentauris NotFound"
[1] "Leiothrix lutea NotFound"
[1] "Leptopoecile elegans NotFound"
[1] "Leptopoecile sophiae NotFound"
[1] "Leptoptilos javanicus NotFound"
[1] "Lerwa lerwa NotFound"
[1] "Leucosticte arctoa NotFound"
[1] "Leucosticte brandti NotFound"
[1] "Leucosticte nemoricola NotFound"
[1] "Limnodromus semipalmatus NotFound"
[1] "Limosa lapponica NotFound"
[1] "Limosa limosa NotFound"
[1] "Liocichla omeiensis NotFound"
[1] "Liocichla phoenicea NotFound"
[1] "Liocichla ripponi NotFound"
[1] "Liocichla steerii NotFound"
[1] "Locustella chengi NotFound"
[1] "Locustella lanceolata NotFound"
[1] "Locustella luscinioides NotFound"
[1] "Locustella naevia NotFound"
[1] "Locustella thoracica NotFound"
[1] "Lonchura atricapilla NotFound"
[1] "Lonchura punctulata NotFound"
[1] "Lonchura striata NotFound"
[1] "Lophophorus impejanus NotFound"
[1] "Lophophorus lhuysii NotFound"
[1] "Lophophorus sclateri NotFound"
[1] "Lophotriorchis kienerii NotFound"
[1] "Lophura leucomelanos NotFound"
[1] "Lophura nycthemera NotFound"
[1] "Lophura swinhoii NotFound"
[1] "Loriculus vernalis NotFound"
[1] "Loxia curvirostra NotFound"
[1] "Loxia leucoptera NotFound"
[1] "Luscinia megarhynchos NotFound"
[1] "Lymnocryptes minimus NotFound"
[1] "Macropygia ruficeps NotFound"
[1] "Macropygia unchall NotFound"
[1] "Marmaronetta angustirostris NotFound"
[1] "Megaceryle lugubris NotFound"
[1] "Megalurus palustris NotFound"
[1] "Melanitta americana NotFound"
[1] "Melanochlora sultanea NotFound"
[1] "Melanocorypha maxima NotFound"
[1] "Melanocorypha mongolica NotFound"
[1] "Mergus merganser NotFound"
[1] "Mergus serrator NotFound"
[1] "Mergus squamatus NotFound"
[1] "Merops apiaster NotFound"
[1] "Merops leschenaulti NotFound"
[1] "Merops orientalis NotFound"
[1] "Merops philippinus NotFound"
[1] "Merops viridis NotFound"
[1] "Metopidius indicus NotFound"
[1] "Microhierax caerulescens NotFound"
[1] "Minla ignotincta NotFound"
[1] "Monticola gularis NotFound"
[1] "Monticola rufiventris NotFound"
[1] "Monticola saxatilis NotFound"
[1] "Monticola solitarius NotFound"
[1] "Montifringilla adamsi NotFound"
[1] "Montifringilla henrici NotFound"
[1] "Montifringilla nivalis NotFound"
[1] "Motacilla alba NotFound"
[1] "Motacilla cinerea NotFound"
[1] "Motacilla citreola NotFound"
[1] "Motacilla flava NotFound"
[1] "Motacilla tschutschensis NotFound"
[1] "Mulleripicus pulverulentus NotFound"
[1] "Muscicapa dauurica NotFound"
[1] "Muscicapa ferruginea NotFound"
[1] "Muscicapa griseisticta NotFound"
[1] "Muscicapa muttui NotFound"
[1] "Muscicapa sibirica NotFound"
[1] "Muscicapa striata NotFound"
[1] "Mycerobas affinis NotFound"
[1] "Mycerobas carnipes NotFound"
[1] "Mycerobas melanozanthos NotFound"
[1] "Mycteria leucocephala NotFound"
[1] "Myophonus caeruleus NotFound"
[1] "Myophonus insularis NotFound"
[1] "Myzornis pyrrhoura NotFound"
[1] "Napothera epilepidota NotFound"
[1] "Neophron percnopterus NotFound"
[1] "Netta rufina NotFound"
[1] "Nettapus coromandelianus NotFound"
[1] "Niltava davidi NotFound"
[1] "Niltava grandis NotFound"
[1] "Niltava macgrigoriae NotFound"
[1] "Niltava oatesi NotFound"
[1] "Niltava sundara NotFound"
[1] "Niltava vivida NotFound"
[1] "Ninox japonica NotFound"
[1] "Ninox scutulata NotFound"
[1] "Nisaetus nipalensis NotFound"
[1] "Nucifraga caryocatactes NotFound"
[1] "Nucifraga hemispila NotFound"
[1] "Nucifraga multipunctata NotFound"
[1] "Numenius arquata NotFound"
[1] "Numenius madagascariensis NotFound"
[1] "Numenius phaeopus NotFound"
[1] "Nycticorax nycticorax NotFound"
[1] "Nyctyornis athertoni NotFound"
[1] "Oenanthe deserti NotFound"
[1] "Oenanthe isabellina NotFound"
[1] "Oenanthe oenanthe NotFound"
[1] "Oenanthe pleschanka NotFound"
[1] "Oriolus chinensis NotFound"
[1] "Oriolus mellianus NotFound"
[1] "Oriolus oriolus NotFound"
[1] "Oriolus tenuirostris NotFound"
[1] "Oriolus traillii NotFound"
[1] "Oriolus xanthornus NotFound"
[1] "Orthotomus atrogularis NotFound"
[1] "Orthotomus sutorius NotFound"
[1] "Otis tarda NotFound"
[1] "Otus lettia NotFound"
[1] "Otus semitorques NotFound"
[1] "Otus spilocephalus NotFound"
[1] "Otus sunia NotFound"
[1] "Oxyura leucocephala NotFound"
[1] "Pandion haliaetus NotFound"
[1] "Panurus biarmicus NotFound"
[1] "Paradoxornis guttaticollis NotFound"
[1] "Paradoxornis heudei NotFound"
[1] "Parus major NotFound"
[1] "Parus monticolus NotFound"
[1] "Passer ammodendri NotFound"
[1] "Passer cinnamomeus NotFound"
[1] "Passer domesticus NotFound"
[1] "Passer hispaniolensis NotFound"
[1] "Passer montanus NotFound"
[1] "Pavo muticus NotFound"
[1] "Pelargopsis capensis NotFound"
[1] "Pellorneum albiventre NotFound"
[1] "Pellorneum ruficeps NotFound"
[1] "Perdix dauurica NotFound"
[1] "Perdix hodgsoniae NotFound"
[1] "Perdix perdix NotFound"
[1] "Pericrocotus brevirostris NotFound"
[1] "Pericrocotus cantonensis NotFound"
[1] "Pericrocotus divaricatus NotFound"
[1] "Pericrocotus ethologus NotFound"
[1] "Pericrocotus flammeus NotFound"
[1] "Pericrocotus roseus NotFound"
[1] "Pericrocotus solaris NotFound"
[1] "Perisoreus infaustus NotFound"
[1] "Perisoreus internigrans NotFound"
[1] "Petronia petronia NotFound"
[1] "Phaenicophaeus tristis NotFound"
[1] "Phasianus colchicus NotFound"
[1] "Phodilus badius NotFound"
[1] "Phoenicurus alaschanicus NotFound"
[1] "Phoenicurus auroreus NotFound"
[1] "Phoenicurus frontalis NotFound"
[1] "Phoenicurus hodgsoni NotFound"
[1] "Phoenicurus ochruros NotFound"
[1] "Phoenicurus schisticeps NotFound"
[1] "Phylloscopus affinis NotFound"
[1] "Phylloscopus armandii NotFound"
[1] "Phylloscopus borealis NotFound"
[1] "Phylloscopus borealoides NotFound"
[1] "Phylloscopus cantator NotFound"
[1] "Phylloscopus chloronotus NotFound"
[1] "Phylloscopus claudiae NotFound"
[1] "Phylloscopus coronatus NotFound"
[1] "Phylloscopus emeiensis NotFound"
[1] "Phylloscopus forresti NotFound"
[1] "Phylloscopus fuligiventer NotFound"
[1] "Phylloscopus fuscatus NotFound"
[1] "Phylloscopus goodsoni NotFound"
[1] "Phylloscopus griseolus NotFound"
[1] "Phylloscopus hainanus NotFound"
[1] "Phylloscopus humei NotFound"
[1] "Phylloscopus ijimae NotFound"
[1] "Phylloscopus inornatus NotFound"
[1] "Phylloscopus kansuensis NotFound"
[1] "Phylloscopus maculipennis NotFound"
[1] "Phylloscopus magnirostris NotFound"
[1] "Phylloscopus ogilviegranti NotFound"
[1] "Phylloscopus plumbeitarsus NotFound"
[1] "Phylloscopus proregulus NotFound"
[1] "Phylloscopus pulcher NotFound"
[1] "Phylloscopus reguloides NotFound"
[1] "Phylloscopus ricketti NotFound"
[1] "Phylloscopus schwarzi NotFound"
[1] "Phylloscopus sindianus NotFound"
[1] "Phylloscopus subaffinis NotFound"
[1] "Phylloscopus tenellipes NotFound"
[1] "Phylloscopus tristis NotFound"
[1] "Phylloscopus trochiloides NotFound"
[1] "Phylloscopus xanthodryas NotFound"
[1] "Pica pica NotFound"
[1] "Picoides funebris NotFound"
[1] "Picoides tridactylus NotFound"
[1] "Picumnus innominatus NotFound"
[1] "Picus canus NotFound"
[1] "Picus chlorolophus NotFound"
[1] "Picus guerini NotFound"
[1] "Picus rabieri NotFound"
[1] "Picus vittatus NotFound"
[1] "Picus xanthopygaeus NotFound"
[1] "Pinicola enucleator NotFound"
[1] "Pitta moluccensis NotFound"
[1] "Pitta nympha NotFound"
[1] "Pitta sordida NotFound"
[1] "Platalea leucorodia NotFound"
[1] "Platalea minor NotFound"
[1] "Plectrophenax nivalis NotFound"
[1] "Plegadis falcinellus NotFound"
[1] "Ploceus benghalensis NotFound"
[1] "Ploceus manyar NotFound"
[1] "Ploceus philippinus NotFound"
[1] "Pluvialis fulva NotFound"
[1] "Pluvialis squatarola NotFound"
[1] "Pnoepyga formosana NotFound"
[1] "Pnoepyga pusilla NotFound"
[1] "Podiceps auritus NotFound"
[1] "Podiceps cristatus NotFound"
[1] "Podiceps grisegena NotFound"
[1] "Podiceps nigricollis NotFound"
[1] "Podoces biddulphi NotFound"
[1] "Podoces hendersoni NotFound"
[1] "Polyplectron bicalcaratum NotFound"
[1] "Polyplectron katsumatae NotFound"
[1] "Pomatorhinus ferruginosus NotFound"
[1] "Pomatorhinus musicus NotFound"
[1] "Pomatorhinus ochraceiceps NotFound"
[1] "Pomatorhinus phayrei NotFound"
[1] "Pomatorhinus ruficollis NotFound"
[1] "Porphyrio porphyrio NotFound"
[1] "Porzana porzana NotFound"
[1] "Prinia atrogularis NotFound"
[1] "Prinia flaviventris NotFound"
[1] "Prinia hodgsonii NotFound"
[1] "Prinia inornata NotFound"
[1] "Prinia polychroa NotFound"
[1] "Prinia rufescens NotFound"
[1] "Prinia sonitans NotFound"
[1] "Prinia superciliaris NotFound"
[1] "Prunella atrogularis NotFound"
[1] "Prunella collaris NotFound"
[1] "Prunella fulvescens NotFound"
[1] "Prunella himalayana NotFound"
[1] "Prunella immaculata NotFound"
[1] "Prunella koslowi NotFound"
[1] "Prunella montanella NotFound"
[1] "Prunella rubeculoides NotFound"
[1] "Prunella strophiata NotFound"
[1] "Psarisomus dalhousiae NotFound"
[1] "Pseudopodoces humilis NotFound"
[1] "Psilopogon asiaticus NotFound"
[1] "Psilopogon cyanotis NotFound"
[1] "Psilopogon franklinii NotFound"
[1] "Psittacula alexandri NotFound"
[1] "Psittacula derbiana NotFound"
[1] "Psittiparus ruficeps NotFound"
[1] "Pterocles orientalis NotFound"
[1] "Pteruthius aenobarbus NotFound"
[1] "Pteruthius aeralatus NotFound"
[1] "Pteruthius melanotis NotFound"
[1] "Pteruthius rufiventer NotFound"
[1] "Pteruthius xanthochlorus NotFound"
[1] "Pucrasia macrolopha NotFound"
[1] "Pycnonotus aurigaster NotFound"
[1] "Pycnonotus cafer NotFound"
[1] "Pycnonotus finlaysoni NotFound"
[1] "Pycnonotus flavescens NotFound"
[1] "Pycnonotus jocosus NotFound"
[1] "Pycnonotus sinensis NotFound"
[1] "Pycnonotus taivanus NotFound"
[1] "Pycnonotus xanthorrhous NotFound"
[1] "Pyrrhocorax graculus NotFound"
[1] "Pyrrhocorax pyrrhocorax NotFound"
[1] "Pyrrhoplectes epauletta NotFound"
[1] "Pyrrhula erythaca NotFound"
[1] "Pyrrhula erythrocephala NotFound"
[1] "Pyrrhula nipalensis NotFound"
[1] "Pyrrhula pyrrhula NotFound"
[1] "Rallina eurizonoides NotFound"
[1] "Rallus aquaticus NotFound"
[1] "Rallus indicus NotFound"
[1] "Recurvirostra avosetta NotFound"
[1] "Regulus goodfellowi NotFound"
[1] "Regulus regulus NotFound"
[1] "Remiz consobrinus NotFound"
[1] "Remiz coronatus NotFound"
[1] "Rhipidura albicollis NotFound"
[1] "Rhipidura aureola NotFound"
[1] "Rhodopechys sanguineus NotFound"
[1] "Rhopophilus albosuperciliaris NotFound"
[1] "Rhopophilus pekinensis NotFound"
[1] "Rimator malacoptilus NotFound"
[1] "Riparia chinensis NotFound"
[1] "Riparia diluta NotFound"
[1] "Riparia riparia NotFound"
[1] "Rostratula benghalensis NotFound"
[1] "Sarcogyps calvus NotFound"
[1] "Sarkidiornis melanotos NotFound"
[1] "Sasia ochracea NotFound"
[1] "Saxicola caprata NotFound"
[1] "Saxicola insignis NotFound"
[1] "Saxicola jerdoni NotFound"
[1] "Scolopax rusticola NotFound"
[1] "Serilophus lunatus NotFound"
[1] "Serinus pusillus NotFound"
[1] "Sinosuthora brunnea NotFound"
[1] "Sinosuthora ricketti NotFound"
[1] "Sitta cinnamoventris NotFound"
[1] "Sitta europaea NotFound"
[1] "Sitta formosa NotFound"
[1] "Sitta frontalis NotFound"
[1] "Sitta himalayensis NotFound"
[1] "Sitta magna NotFound"
[1] "Sitta nagaensis NotFound"
[1] "Sitta przewalskii NotFound"
[1] "Sitta solangiae NotFound"
[1] "Sitta villosa NotFound"
[1] "Sitta yunnanensis NotFound"
[1] "Sittiparus castaneoventris NotFound"
[1] "Sittiparus varius NotFound"
[1] "Spelaeornis reptatus NotFound"
[1] "Spelaeornis troglodytoides NotFound"
[1] "Spilornis cheela NotFound"
[1] "Spizixos canifrons NotFound"
[1] "Spizixos semitorques NotFound"
[1] "Stachyris nigriceps NotFound"
[1] "Stachyris nonggangensis NotFound"
[1] "Stachyris strialata NotFound"
[1] "Streptopelia decaocto NotFound"
[1] "Streptopelia orientalis NotFound"
[1] "Streptopelia tranquebarica NotFound"
[1] "Streptopelia turtur NotFound"
[1] "Strix aluco NotFound"
[1] "Strix leptogrammica NotFound"
[1] "Strix nebulosa NotFound"
[1] "Strix nivicolum NotFound"
[1] "Strix uralensis NotFound"
[1] "Sturnus vulgaris NotFound"
[1] "Surnia ulula NotFound"
[1] "Surniculus dicruroides NotFound"
[1] "Sylvia communis NotFound"
[1] "Sylvia nana NotFound"
[1] "Sylvia nisoria NotFound"
[1] "Sylviparus modestus NotFound"
[1] "Syrmaticus ellioti NotFound"
[1] "Syrmaticus humiae NotFound"
[1] "Syrmaticus mikado NotFound"
[1] "Syrmaticus reevesii NotFound"
[1] "Syrrhaptes paradoxus NotFound"
[1] "Syrrhaptes tibetanus NotFound"
[1] "Tachybaptus ruficollis NotFound"
[1] "Tadorna ferruginea NotFound"
[1] "Tadorna tadorna NotFound"
[1] "Tarsiger chrysaeus NotFound"
[1] "Tarsiger cyanurus NotFound"
[1] "Tarsiger hyperythrus NotFound"
[1] "Tarsiger indicus NotFound"
[1] "Tarsiger johnstoniae NotFound"
[1] "Tarsiger rufilatus NotFound"
[1] "Temnurus temnurus NotFound"
[1] "Tephrodornis virgatus NotFound"
[1] "Terpsiphone affinis NotFound"
[1] "Terpsiphone atrocaudata NotFound"
[1] "Terpsiphone incei NotFound"
[1] "Tesia cyaniventer NotFound"
[1] "Tesia olivea NotFound"
[1] "Tetrao urogallus NotFound"
[1] "Tetraogallus altaicus NotFound"
[1] "Tetraogallus himalayensis NotFound"
[1] "Tetraogallus tibetanus NotFound"
[1] "Tetraophasis obscurus NotFound"
[1] "Tetraophasis szechenyii NotFound"
[1] "Tetrax tetrax NotFound"
[1] "Threskiornis melanocephalus NotFound"
[1] "Tichodroma muraria NotFound"
[1] "Timalia pileata NotFound"
[1] "Tragopan blythii NotFound"
[1] "Tragopan caboti NotFound"
[1] "Tragopan satyra NotFound"
[1] "Tragopan temminckii NotFound"
[1] "Treron apicauda NotFound"
[1] "Treron curvirostra NotFound"
[1] "Treron formosae NotFound"
[1] "Treron phayrei NotFound"
[1] "Treron sieboldii NotFound"
[1] "Trichastoma tickelli NotFound"
[1] "Tringa erythropus NotFound"
[1] "Tringa glareola NotFound"
[1] "Tringa nebularia NotFound"
[1] "Tringa ochropus NotFound"
[1] "Tringa stagnatilis NotFound"
[1] "Tringa totanus NotFound"
[1] "Troglodytes troglodytes NotFound"
[1] "Turdus albocinctus NotFound"
[1] "Turdus atrogularis NotFound"
[1] "Turdus boulboul NotFound"
[1] "Turdus cardis NotFound"
[1] "Turdus chrysolaus NotFound"
[1] "Turdus dissimilis NotFound"
[1] "Turdus eunomus NotFound"
[1] "Turdus feae NotFound"
[1] "Turdus hortulorum NotFound"
[1] "Turdus kessleri NotFound"
[1] "Turdus mandarinus NotFound"
[1] "Turdus maximus NotFound"
[1] "Turdus merula NotFound"
[1] "Turdus naumanni NotFound"
[1] "Turdus niveiceps NotFound"
[1] "Turdus obscurus NotFound"
[1] "Turdus pallidus NotFound"
[1] "Turdus pilaris NotFound"
[1] "Turdus rubrocanus NotFound"
[1] "Turdus ruficollis NotFound"
[1] "Turdus viscivorus NotFound"
[1] "Turnix suscitator NotFound"
[1] "Turnix tanki NotFound"
[1] "Tyto alba NotFound"
[1] "Tyto longimembris NotFound"
[1] "Upupa epops NotFound"
[1] "Urocissa caerulea NotFound"
[1] "Urocissa erythroryncha NotFound"
[1] "Urocissa flavirostris NotFound"
[1] "Urocissa whiteheadi NotFound"
[1] "Urocissa xanthomelana NotFound"
[1] "Urocynchramus pylzowi NotFound"
[1] "Urosphena squameiceps NotFound"
[1] "Vanellus cinereus NotFound"
[1] "Vanellus duvaucelii NotFound"
[1] "Vanellus vanellus NotFound"
[1] "Yuhina bakeri NotFound"
[1] "Yuhina brunneiceps NotFound"
[1] "Yuhina castaniceps NotFound"
[1] "Yuhina diademata NotFound"
[1] "Yuhina flavicollis NotFound"
[1] "Yuhina gularis NotFound"
[1] "Yuhina nigrimenta NotFound"
[1] "Yuhina occipitalis NotFound"
[1] "Yuhina torqueola NotFound"
[1] "Zoothera dauma NotFound"
[1] "Zoothera dixoni NotFound"
[1] "Zoothera griseiceps NotFound"
[1] "Zoothera marginata NotFound"
[1] "Zoothera mollissima NotFound"
[1] "Zoothera salimalii NotFound"
[1] "Zosterops erythropleurus TimeOut"
[1] "Allactaga bullata NotFound"
[1] "Allactaga elater NotFound"
[1] "Allocricetulus curtatus NotFound"
[1] "Allocricetulus eversmanni NotFound"
[1] "Alticola argentatus NotFound"
[1] "Alticola barakshin NotFound"
[1] "Anourosorex squamipes NotFound"
[1] "Anourosorex yamashinai NotFound"
[1] "Apodemus agrarius NotFound"
[1] "Apodemus chevrieri NotFound"
[1] "Apodemus draco NotFound"
[1] "Apodemus latronum NotFound"
[1] "Apodemus semotus NotFound"
[1] "Apodemus uralensis NotFound"
[1] "Arielulus torquatus NotFound"
[1] "Aselliscus stoliczkanus NotFound"
[1] "Bandicota indica NotFound"
[1] "Barbastella beijingensis NotFound"
[1] "Barbastella darjelingensis NotFound"
[1] "Berylmys berdmorei NotFound"
[1] "Berylmys bowersi NotFound"
[1] "Berylmys mackenziei NotFound"
[1] "Berylmys manipulus NotFound"
[1] "Blarinella griselda NotFound"
[1] "Blarinella wardi NotFound"
[1] "Bos mutus NotFound"
[1] "Brachiones przewalskii NotFound"
[1] "Budorcas taxicolor NotFound"
[1] "Callosciurus caniceps NotFound"
[1] "Callosciurus erythraeus NotFound"
[1] "Callosciurus inornatus NotFound"
[1] "Callosciurus phayrei NotFound"
[1] "Callosciurus pygerythrus NotFound"
[1] "Callosciurus quinquestriatus NotFound"
[1] "Canis lupus NotFound"
[1] "Cansumys canus NotFound"
[1] "Capricornis swinhoei NotFound"
[1] "Cardiocranius paradoxus NotFound"
[1] "Cervus canadensis NotFound"
[1] "Cervus nippon NotFound"
[1] "Chimarrogale himalayica NotFound"
[1] "Chimarrogale styani NotFound"
[1] "Chiromyscus chiropus NotFound"
[1] "Chodsigoa caovansunga NotFound"
[1] "Chodsigoa parva NotFound"
[1] "Chodsigoa sodalis NotFound"
[1] "Coelops frithii NotFound"
[1] "Cricetulus alticola NotFound"
[1] "Cricetulus kamensis NotFound"
[1] "Cricetulus lama NotFound"
[1] "Cricetulus migratorius NotFound"
[1] "Cricetulus sokolovi NotFound"
[1] "Cricetulus tibetanus NotFound"
[1] "Cricetus cricetus NotFound"
[1] "Crocidura attenuata NotFound"
[1] "Crocidura gmelini NotFound"
[1] "Crocidura indochinensis NotFound"
[1] "Crocidura lasiura NotFound"
[1] "Crocidura rapax NotFound"
[1] "Crocidura shantungensis NotFound"
[1] "Crocidura tanakae NotFound"
[1] "Crocidura vorax NotFound"
[1] "Crocidura wuchihensis NotFound"
[1] "Dacnomys millardi NotFound"
[1] "Dipus sagitta NotFound"
[1] "Dremomys gularis NotFound"
[1] "Dremomys lokriah NotFound"
[1] "Dremomys pernyi NotFound"
[1] "Dremomys pyrrhomerus NotFound"
[1] "Dremomys rufigenis NotFound"
[1] "Dryomys nitedula NotFound"
[1] "Elaphodus cephalophus NotFound"
[1] "Elaphurus davidianus NotFound"
[1] "Elephas maximus NotFound"
[1] "Eolagurus przewalskii NotFound"
[1] "Eothenomys chinensis NotFound"
[1] "Eothenomys custos NotFound"
[1] "Eothenomys melanogaster NotFound"
[1] "Eothenomys miletus NotFound"
[1] "Eothenomys olitor NotFound"
[1] "Eothenomys proditor NotFound"
[1] "Eothenomys wardi NotFound"
[1] "Eozapus setchuanus NotFound"
[1] "Eptesicus pachyomus NotFound"
[1] "Eptesicus serotinus NotFound"
[1] "Euchoreutes naso NotFound"
[1] "Euroscaptor grandis NotFound"
[1] "Euroscaptor longirostris NotFound"
[1] "Euroscaptor micrura NotFound"
[1] "Euroscaptor parvidens NotFound"
[1] "Felis chaus NotFound"
[1] "Hadromys yunnanensis NotFound"
[1] "Hapalomys delacouri NotFound"
[1] "Harpiola isodon NotFound"
[1] "Hemiechinus auritus NotFound"
[1] "Hemitragus jemlahicus NotFound"
[1] "Hipposideros gentilis NotFound"
[1] "Hipposideros grandis NotFound"
[1] "Hipposideros lylei NotFound"
[1] "Hipposideros pratti NotFound"
[1] "Hoolock tianxing NotFound"
[1] "Hylomys suillus NotFound"
[1] "Hylopetes alboniger NotFound"
[1] "Hylopetes phayrei NotFound"
[1] "Hystrix brachyura NotFound"
[1] "Hystrix indica NotFound"
[1] "Kerivoula furva NotFound"
[1] "Kerivoula titania NotFound"
[1] "Lagurus lagurus NotFound"
[1] "Lasiopodomys fuscus NotFound"
[1] "Leopoldamys edwardsi NotFound"
[1] "Lepus comus NotFound"
[1] "Lepus coreanus NotFound"
[1] "Lepus hainanus NotFound"
[1] "Lepus oiostolus NotFound"
[1] "Lepus sinensis NotFound"
[1] "Lepus tibetanus NotFound"
[1] "Lepus timidus NotFound"
[1] "Lepus tolai NotFound"
[1] "Lepus yarkandensis NotFound"
[1] "Lipotes vexillifer NotFound"
[1] "Lynx lynx NotFound"
[1] "Macaca munzala NotFound"
[1] "Manis javanica NotFound"
[1] "Manis pentadactyla NotFound"
[1] "Marmota caudata NotFound"
[1] "Martes zibellina NotFound"
[1] "Maxomys surifer NotFound"
[1] "Melogale moschata NotFound"
[1] "Menetes berdmorei NotFound"
[1] "Meriones chengi NotFound"
[1] "Meriones meridianus NotFound"
[1] "Meriones tamariscinus NotFound"
[1] "Mesechinus hughi NotFound"
[1] "Micromys minutus NotFound"
[1] "Microtus agrestis NotFound"
[1] "Microtus gregalis NotFound"
[1] "Microtus limnophilus NotFound"
[1] "Microtus socialis NotFound"
[1] "Miniopterus magnater NotFound"
[1] "Mogera insularis NotFound"
[1] "Mogera robusta NotFound"
[1] "Moschus anhuiensis NotFound"
[1] "Moschus berezovskii NotFound"
[1] "Moschus fuscus NotFound"
[1] "Muntiacus gongshanensis NotFound"
[1] "Muntiacus putaoensis NotFound"
[1] "Murina bicolor NotFound"
[1] "Murina chrysochaetes NotFound"
[1] "Murina eleryi NotFound"
[1] "Murina feae NotFound"
[1] "Murina fusca NotFound"
[1] "Murina gracilis NotFound"
[1] "Murina lorelieae NotFound"
[1] "Murina puta NotFound"
[1] "Murina recondita NotFound"
[1] "Murina shuipuensis NotFound"
[1] "Mus caroli NotFound"
[1] "Mustela altaica NotFound"
[1] "Mustela erminea NotFound"
[1] "Mustela kathiah NotFound"
[1] "Mustela strigidorsa NotFound"
[1] "Myopus schisticolor NotFound"
[1] "Myotis altarium NotFound"
[1] "Myotis badius NotFound"
[1] "Myotis chinensis NotFound"
[1] "Myotis davidii NotFound"
[1] "Myotis fimbriatus NotFound"
[1] "Myotis frater NotFound"
[1] "Myotis indochinensis NotFound"
[1] "Myotis laniger NotFound"
[1] "Myotis longicaudatus NotFound"
[1] "Myotis pequinius NotFound"
[1] "Myotis secundus NotFound"
[1] "Myotis soror NotFound"
[1] "Naemorhedus baileyi NotFound"
[1] "Naemorhedus caudatus NotFound"
[1] "Naemorhedus goral NotFound"
[1] "Nectogale elegans NotFound"
[1] "Neodon forresti NotFound"
[1] "Neodon linzhiensis NotFound"
[1] "Neomys fodiens NotFound"
[1] "Nesokia indica NotFound"
[1] "Niviventer andersoni NotFound"
[1] "Niviventer confucianus NotFound"
[1] "Niviventer culturatus NotFound"
[1] "Niviventer eha NotFound"
[1] "Niviventer excelsior NotFound"
[1] "Niviventer fulvescens NotFound"
[1] "Niviventer langbianis NotFound"
[1] "Niviventer tenaster NotFound"
[1] "Nyctalus noctula NotFound"
[1] "Nyctalus plancyi NotFound"
[1] "Ochotona cansus NotFound"
[1] "Ochotona coreana NotFound"
[1] "Ochotona dauurica NotFound"
[1] "Ochotona erythrotis NotFound"
[1] "Ochotona forresti NotFound"
[1] "Ochotona gloveri NotFound"
[1] "Ochotona iliensis NotFound"
[1] "Ochotona koslowi NotFound"
[1] "Ochotona ladacensis NotFound"
[1] "Ochotona macrotis NotFound"
[1] "Ochotona nubrica NotFound"
[1] "Ochotona pusilla NotFound"
[1] "Ochotona rutila NotFound"
[1] "Ochotona thibetana NotFound"
[1] "Ovis ammon NotFound"
[1] "Parascaptor leucura NotFound"
[1] "Pardofelis marmorata NotFound"
[1] "Petaurista alborufus NotFound"
[1] "Petaurista magnificus NotFound"
[1] "Petaurista mechukaensis NotFound"
[1] "Petaurista mishmiensis NotFound"
[1] "Petaurista philippensis NotFound"
[1] "Petaurista xanthotis NotFound"
[1] "Plecotus ariel NotFound"
[1] "Plecotus strelkovi NotFound"
[1] "Plecotus taivanus NotFound"
[1] "Prionailurus bengalensis NotFound"
[1] "Prionodon pardicolor NotFound"
[1] "Procapra gutturosa NotFound"
[1] "Procapra picticaudata NotFound"
[1] "Procapra przewalskii NotFound"
[1] "Proedromys liangshanensis NotFound"
[1] "Pseudois nayaur NotFound"
[1] "Pteropus dasymallus NotFound"
[1] "Pygeretmus pumilio NotFound"
[1] "Rattus exulans NotFound"
[1] "Rattus losea NotFound"
[1] "Rattus nitidus NotFound"
[1] "Rattus tanezumi NotFound"
[1] "Ratufa bicolor NotFound"
[1] "Rhinolophus ferrumequinum NotFound"
[1] "Rhinolophus formosae NotFound"
[1] "Rhinolophus hipposideros NotFound"
[1] "Rhinolophus lepidus NotFound"
[1] "Rhinolophus marshalli NotFound"
[1] "Rhinolophus osgoodi NotFound"
[1] "Rhinolophus paradoxolophus TimeOut"
[1] "Rhinolophus pearsonii TimeOut"
[1] "Rhinolophus pusillus TimeOut"
[1] "Rhinolophus rex TimeOut"
[1] "Rhinolophus schnitzleri TimeOut"
[1] "Rhinolophus siamensis TimeOut"
[1] "Rhinolophus sinicus TimeOut"
[1] "Rhinolophus subbadius TimeOut"
[1] "Rhinolophus thomasi TimeOut"
[1] "Rhinolophus trifoliatus TimeOut"
[1] "Rhinolophus xinanzhongguoensis TimeOut"
[1] "Rhinolophus yunanensis TimeOut"
[1] "Rhinopithecus bieti TimeOut"
[1] "Rhinopithecus brelichi TimeOut"
[1] "Rhinopithecus roxellana TimeOut"
[1] "Rhinopithecus strykeri TimeOut"
[1] "Rhizomys pruinosus TimeOut"
[1] "Rhizomys sinensis TimeOut"
[1] "Rhizomys sumatrensis TimeOut"
[1] "Rhombomys opimus TimeOut"
[1] "Rousettus amplexicaudatus TimeOut"
[1] "Rousettus leschenaultii TimeOut"
[1] "Rucervus eldii TimeOut"
[1] "Rusa unicolor TimeOut"
[1] "Salpingotus crassicauda TimeOut"
[1] "Salpingotus kozlovi TimeOut"
[1] "Scapanulus oweni TimeOut"
[1] "Scaptochirus moschatus NotFound"
[1] "Sciurotamias davidianus NotFound"
[1] "Sciurus vulgaris NotFound"
[1] "Sicista caudata NotFound"
[1] "Sicista pseudonapaea NotFound"
[1] "Sicista subtilis NotFound"
[1] "Sorex asper NotFound"
[1] "Sorex bedfordiae NotFound"
[1] "Sorex caecutiens NotFound"
[1] "Sorex cansulus NotFound"
[1] "Sorex cylindricauda NotFound"
[1] "Sorex excelsus NotFound"
[1] "Sorex isodon NotFound"
[1] "Sorex kozlovi NotFound"
[1] "Sorex mirabilis NotFound"
[1] "Sorex planiceps NotFound"
[1] "Sorex sinalis NotFound"
[1] "Sorex thibetanus NotFound"
[1] "Sorex tundrensis NotFound"
[1] "Soriculus nigrescens NotFound"
[1] "Spermophilus pallidicauda NotFound"
[1] "Spermophilus ralli NotFound"
[1] "Stylodipus telum NotFound"
[1] "Suncus murinus NotFound"
[1] "Tadarida latouchei NotFound"
[1] "Tadarida teniotis NotFound"
[1] "Tamiops maritimus NotFound"
[1] "Tamiops swinhoei NotFound"
[1] "Taphozous theobaldi NotFound"
[1] "Tragulus williamsoni NotFound"
[1] "Trogopterus xanthipes NotFound"
[1] "Tupaia belangeri NotFound"
[1] "Tylonycteris pygmaeus NotFound"
[1] "Tylonycteris robustula NotFound"
[1] "Uropsilus andersoni NotFound"
[1] "Uropsilus investigator NotFound"
[1] "Uropsilus soricipes NotFound"
[1] "Ursus arctos NotFound"
[1] "Ursus thibetanus NotFound"
[1] "Vernaya fulva NotFound"
[1] "Vespertilio murinus NotFound"
[1] "Vulpes corsac NotFound"
[1] "Vulpes ferrilata NotFound"
[1] "Achalinus formosanus NotFound"
[1] "Achalinus meiguensis NotFound"
[1] "Achalinus rufescens NotFound"
[1] "Achalinus spinalis NotFound"
[1] "Alligator sinensis NotFound"
[1] "Alsophylax przewalskii NotFound"
[1] "Amphiesmoides ornaticeps NotFound"
[1] "Ateuchosaurus chinensis NotFound"
[1] "Atretium yunnanensis NotFound"
[1] "Boiga guangxiensis NotFound"
[1] "Boiga kraepelini NotFound"
[1] "Bungarus magnimaculatus NotFound"
[1] "Bungarus multicinctus NotFound"
[1] "Bungarus wanghaotingi NotFound"
[1] "Calamaria pavimentata NotFound"
[1] "Calamaria septentrionalis NotFound"
[1] "Calamaria yunnanensis NotFound"
[1] "Calotes medogensis NotFound"
[1] "Cyrtodactylus zhaoermii NotFound"
[1] "Dendrelaphis hollinrakei NotFound"
[1] "Dibamus bogadeki NotFound"
[1] "Dibamus bourreti NotFound"
[1] "Draco blanfordii NotFound"
[1] "Elaphe bimaculata NotFound"
[1] "Elaphe schrenckii NotFound"
[1] "Emydocephalus ijimae NotFound"
[1] "Eremias argus NotFound"
[1] "Eremias brenchleyi NotFound"
[1] "Eremias buechneri NotFound"
[1] "Eremias kokshaaliensis NotFound"
[1] "Eremias vermiculata NotFound"
[1] "Eremias yarkandensis NotFound"
[1] "Gekko adleri NotFound"
[1] "Gekko auriverrucosus NotFound"
[1] "Gekko guishanicus NotFound"
[1] "Gekko hokouensis TimeOut"
[1] "Gekko japonicus TimeOut"
[1] "Gekko kwangsiensis TimeOut"
[1] "Gekko liboensis TimeOut"
[1] "Gekko melli TimeOut"
[1] "Gekko reevesii TimeOut"
[1] "Gekko scabridus TimeOut"
[1] "Gekko similignum TimeOut"
[1] "Gekko subpalmatus TimeOut"
[1] "Gekko swinhonis TimeOut"
[1] "Gekko taibaiensis TimeOut"
[1] "Gekko wenxianensis TimeOut"
[1] "Geoemyda spengleri TimeOut"
[1] "Gloydius saxatilis TimeOut"
[1] "Goniurosaurus araneus TimeOut"
[1] "Goniurosaurus bawanglingensis TimeOut"
[1] "Goniurosaurus hainanensis TimeOut"
[1] "Goniurosaurus liboensis TimeOut"
[1] "Goniurosaurus luii TimeOut"
[1] "Goniurosaurus zhelongi TimeOut"
[1] "Goniurosaurus zhoui TimeOut"
[1] "Gonyosoma boulengeri TimeOut"
[1] "Gonyosoma prasinum TimeOut"
[1] "Hebius atemporale TimeOut"
[1] "Hebius bitaeniatum TimeOut"
[1] "Hebius boulengeri TimeOut"
[1] "Hebius chapaensis TimeOut"
[1] "Hebius craspedogaster TimeOut"
[1] "Hebius metusium TimeOut"
[1] "Hebius miyajimae TimeOut"
[1] "Hebius modestum TimeOut"
[1] "Hebius octolineatum TimeOut"
[1] "Hebius optatum TimeOut"
[1] "Hebius popei TimeOut"
[1] "Hebius sauteri TimeOut"
[1] "Hebius taronensis TimeOut"
[1] "Hebius venningi TimeOut"
[1] "Hebius vibakari TimeOut"
[1] "Hemidactylus bowringii TimeOut"
[1] "Hemidactylus brookii TimeOut"
[1] "Hemidactylus frenatus TimeOut"
[1] "Hemidactylus stejnegeri TimeOut"
[1] "Hemidactylus vietnamensis TimeOut"
[1] "Hemiphyllodactylus changningensis TimeOut"
[1] "Hemiphyllodactylus hongkongensis TimeOut"
[1] "Hemiphyllodactylus huishuiensis TimeOut"
[1] "Hemiphyllodactylus yunnanensis TimeOut"
[1] "Hemiphyllodactylus zugi TimeOut"
[1] "Hemorrhois ravergieri TimeOut"
[1] "Hydrophis caerulescens TimeOut"
[1] "Hydrophis curtus TimeOut"
[1] "Hydrophis cyanocinctus TimeOut"
[1] "Hydrophis gracilis TimeOut"
[1] "Kerilia jerdoni NotFound"
[1] "Laudakia papenfussi NotFound"
[1] "Laudakia wui NotFound"
[1] "Liopeltis frenatus NotFound"
[1] "Lycodon gongshan NotFound"
[1] "Lycodon laoensis NotFound"
[1] "Lycodon subcinctus NotFound"
[1] "Lycodon synaptor NotFound"
[1] "Naja atra NotFound"
[1] "Oligodon lungshenensis NotFound"
[1] "Oligodon ornatus NotFound"
[1] "Opisthotropis cheni NotFound"
[1] "Opisthotropis guangxiensis NotFound"
[1] "Opisthotropis jacobi TimeOut"
[1] "Opisthotropis kuatunensis TimeOut"
[1] "Opisthotropis lateralis TimeOut"
[1] "Opisthotropis latouchii TimeOut"
[1] "Opisthotropis maculosa TimeOut"
[1] "Opisthotropis maxwelli TimeOut"
[1] "Orientocoluber spinalis TimeOut"
[1] "Ovophis monticola TimeOut"
[1] "Palea steindachneri TimeOut"
[1] "Paralaudakia stoliczkana TimeOut"
[1] "Paratapinophis praemaxillaris TimeOut"
[1] "Pareas boulengeri TimeOut"
[1] "Pareas carinatus TimeOut"
[1] "Pareas chinensis TimeOut"
[1] "Pareas formosensis TimeOut"
[1] "Pareas hamptoni TimeOut"
[1] "Pareas margaritophorus TimeOut"
[1] "Pareas nigriceps TimeOut"
[1] "Pareas stanleyi TimeOut"
[1] "Pelochelys cantorii TimeOut"
[1] "Phrynocephalus alpherakii TimeOut"
[1] "Phrynocephalus axillaris TimeOut"
[1] "Phrynocephalus erythrurus TimeOut"
[1] "Phrynocephalus forsythii TimeOut"
[1] "Phrynocephalus frontalis TimeOut"
[1] "Phrynocephalus helioscopus TimeOut"
[1] "Phrynocephalus kuschakewitschi NotFound"
[1] "Physignathus cocincinus NotFound"
[1] "Plagiopholis blakewayi NotFound"
[1] "Pseudoxenodon bambusicola NotFound"
[1] "Pseudoxenodon karlschmidti NotFound"
[1] "Pseudoxenodon macrops NotFound"
[1] "Pseudoxenodon stejnegeri NotFound"
[1] "Rhabdophis adleri NotFound"
[1] "Scincella huanrenensis NotFound"
[1] "Sinomicrurus sauteri NotFound"
[1] "Sphenomorphus taiwanensis NotFound"
[1] "Sphenomorphus tonkinensis NotFound"
[1] "Takydromus albomaculosus NotFound"
[1] "Takydromus formosanus NotFound"
[1] "Takydromus hsuehshanensis NotFound"
[1] "Takydromus intermedius NotFound"
[1] "Takydromus luyeanus NotFound"
[1] "Takydromus sauteri NotFound"
[1] "Takydromus septentrionalis NotFound"
[1] "Takydromus stejnegeri NotFound"
[1] "Takydromus viridipunctatus NotFound"
[1] "Teratoscincus przewalskii NotFound"
[1] "Thermophis zhaoermii NotFound"
[1] "Tropidophorus guangxiensis NotFound"
[1] "Tropidophorus hainanus NotFound"
[1] "Tropidophorus sinicus NotFound"
[1] "Xenopeltis hainanensis TimeOut"
[1] "Xenopeltis unicolor TimeOut"
[1] "Zootoca vivipara TimeOut"
[1] "Scincella himalayanus NotFound"
[1] "Scincella ladacensis NotFound"
[1] "Scincella sikimmensis NotFound"
[1] "Calotes emma NotFound"
[1] "Calotes jerdoni NotFound"
[1] "Calotes mystaceus NotFound"
[1] "Calotes versicolor NotFound"
[1] "Dopasia gracilis NotFound"
[1] "Emoia atrocostata NotFound"
[1] "Gehyra mutilata NotFound"
[1] "Gekko kikuchii NotFound"
[1] "Goniurosaurus kadoorieorum NotFound"
[1] "Goniurosaurus kwangsiensis NotFound"
[1] "Goniurosaurus yingdeensis NotFound"
[1] "Hemidactylus aquilonius NotFound"
[1] "Hemidactylus garnotii NotFound"
[1] "Hemidactylus platyurus NotFound"
[1] "Japalura andersoniana NotFound"
[1] "Diploderma batangense NotFound"
[1] "Diploderma brevicaudum NotFound"
[1] "Diploderma fasciatum NotFound"
[1] "Laudakia tuberculata NotFound"
[1] "Lepidodactylus lugubris NotFound"
[1] "Lepidodactylus yami NotFound"
[1] "Calotes paulus NotFound"
[1] "Laudakia himalayana NotFound"
[1] "Ptyctolaemus gularis NotFound"
[1] "Scincella reevesii NotFound"
[1] "Shinisaurus crocodilurus NotFound"
[1] "Sphenomorphus courcyanum NotFound"
[1] "Sphenomorphus indicus NotFound"
[1] "Sphenomorphus maculatus NotFound"
[1] "Acanthosaura tongbiguanensis NotFound"
[1] "Cyrtodactylus wayakonei NotFound"
[1] "Diploderma drukdaypo NotFound"
[1] "Diploderma micangshanense NotFound"
[1] "Diploderma swild NotFound"
[1] "Eremias roborowskii NotFound"
[1] "Goniurosaurus sinensis NotFound"
[1] "Hemiphyllodactylus dushanensis NotFound"
[1] "Hemiphyllodactylus jinpingensis NotFound"
[1] "Hemiphyllodactylus longlingensis NotFound"
[1] "Phrynocephalus grumgrzimailoi NotFound"
[1] "Phrynocephalus nasatus NotFound"
[1] "Pseudocalotes austeniana NotFound"
[1] "Takydromus yunkaiensis NotFound"
[1] "Lygosoma bowringii NotFound"
[1] "Eutropis multicarinata NotFound"
[1] "Diploderma menghaiense NotFound"
[1] "while 123"
[1] "Oreolalax xiangchengensis NotFound"
[1] "Cettia cetti NotFound"
[1] "Cettia major NotFound"
[1] "Cyanoptila cumatilis NotFound"
[1] "Cyanoptila cyanomelana NotFound"
[1] "Falco severus NotFound"
[1] "Falco subbuteo NotFound"
[1] "Falco tinnunculus NotFound"
[1] "Zosterops erythropleurus NotFound"
[1] "Rhinolophus paradoxolophus NotFound"
[1] "Rhinolophus pusillus NotFound"
[1] "Rhinolophus rex NotFound"
[1] "Rhinolophus schnitzleri NotFound"
[1] "Rhinolophus thomasi NotFound"
[1] "Rhinolophus trifoliatus NotFound"
[1] "Rhinolophus xinanzhongguoensis NotFound"
[1] "Rhinolophus yunanensis NotFound"
[1] "Rhinopithecus brelichi NotFound"
[1] "Rhinopithecus roxellana NotFound"
[1] "Rhinopithecus strykeri NotFound"
[1] "Rhizomys pruinosus NotFound"
[1] "Rhizomys sinensis NotFound"
[1] "Rhizomys sumatrensis NotFound"
[1] "Rhombomys opimus NotFound"
[1] "Salpingotus kozlovi NotFound"
[1] "Scapanulus oweni NotFound"
[1] "Gekko kwangsiensis NotFound"
[1] "Gekko liboensis NotFound"
[1] "Gekko similignum NotFound"
[1] "Gekko swinhonis NotFound"
[1] "Gekko taibaiensis NotFound"
[1] "Gekko wenxianensis NotFound"
[1] "Goniurosaurus araneus NotFound"
[1] "Goniurosaurus bawanglingensis NotFound"
[1] "Goniurosaurus hainanensis NotFound"
[1] "Goniurosaurus liboensis NotFound"
[1] "Goniurosaurus luii NotFound"
[1] "Goniurosaurus zhelongi NotFound"
[1] "Goniurosaurus zhoui NotFound"
[1] "Hemidactylus stejnegeri NotFound"
[1] "Hemidactylus vietnamensis NotFound"
[1] "Hemiphyllodactylus changningensis NotFound"
[1] "Hemiphyllodactylus hongkongensis NotFound"
[1] "Hemiphyllodactylus huishuiensis NotFound"
[1] "Hemiphyllodactylus zugi NotFound"
[1] "Opisthotropis jacobi NotFound"
[1] "Opisthotropis kuatunensis NotFound"
[1] "Opisthotropis lateralis NotFound"
[1] "Opisthotropis maculosa NotFound"
[1] "Opisthotropis maxwelli NotFound"
[1] "Pareas nigriceps NotFound"
[1] "Phrynocephalus forsythii NotFound"
[1] "Xenopeltis hainanensis NotFound"
[1] "while 0"
