nohup: ignoring input
Number of  Commands: 2707
Amolops albispinus
Amolops aniqiaoensis
Amolops bellulus
Amolops chayuensis
Amolops chunganensis
Amolops daiyunensis
Amolops formosus
Amolops gerbillus
Amolops granulosus
Amolops hainanensis
Amolops hongkongensis
Amolops jinjiangensis
Amolops kaulbacki
Amolops lifanensis
Amolops loloensis
Amolops longimanus
Amolops mantzorum
Amolops marmoratus
Amolops medogensis
Amolops mengdingensis
Amolops mengyangensis
Amolops minutus
Amolops monticola
Amolops nyingchiensis
Amolops ricketti
Amolops shuichengicus
Amolops splendissimus
Amolops torrentis
Amolops tuberodepressus
Amolops viridimaculatus
Amolops wenshanensis
Amolops wuyiensis
Amolops xinduqiao
Amolops yunkaiensis
Andrias davidianus
Batrachuperus karlschmidti
Batrachuperus londongensis
Batrachuperus pinchonii
Batrachuperus tibetanus
Batrachuperus yenyuanensis
Bombina fortinuptialis
Bombina lichuanensis
Bombina maxima
Bombina microdeladigitora
Bombina orientalis
Buergeria choui
Buergeria otai
Buergeria oxycephala
Buergeria robusta
Bufo ailaoanus
Bufo aspinius
Bufo bankorensis
Bufo cryptotympanicus
Bufo gargarizans
Bufo luchunnicus
Bufo menglianus
Bufo pageoti
Bufo stejnegeri
Bufo tuberculatus
Bufo tuberospinius
Bufotes zamdaensis
Chirixalus doriae
Chirixalus nongkhorensis
Clinotarsus alticola
Cynops chenggongensis
Cynops cyanurus
Cynops glaucus
Cynops orientalis
Cynops orphicus
Cynops wolterstorffi
Cynops yunnanensis
Dryophytes immaculatus
Dryophytes japonicus
Duttaphrynus himalayanus
Duttaphrynus melanostictus
Duttaphrynus stomaticus
Echinotriton chinhaiensis
Feihyla fuhua
Feihyla palpebralis
Fejervarya cancrivora
Fejervarya limnocharis
Fejervarya multistriata
Glandirana emeljanovi
Glandirana minima
Glandirana tientaiensis
Glyphoglossus yunnanensis
Gracixalus carinensis
Gracixalus gracilipes
Gracixalus guangdongensis
Gracixalus jinxiuensis
Gracixalus medogensis
Gracixalus tianlinensis
Hoplobatrachus crassus
Hoplobatrachus rugulosus
Hoplobatrachus tigerinus
Humerana humeralis
Hyla annectans
Hyla chinensis
Hyla sanchiangensis
Hyla simplex
Hyla tsinlingensis
Hyla zhaopingensis
Hylarana lateralis
Hylarana latouchii
Hylarana macrodactyla
Hylarana margariana
Hylarana taipehensis
Hynobius amjiensis
Hynobius arisanensis
Hynobius chinensis
Hynobius formosanus
Hynobius guabangshanensis
Hynobius leechii
Hynobius maoershanensis
Hynobius sonani
Hynobius yiwuensis
Ichthyophis bannanicus
Ingerana borealis
Ingerana reticulata
Ingerophrynus galeatus
Ingerophrynus ledongensis
Ingerophrynus macrotis
Kalophrynus interlineatus
Kalophrynus menglienicus
Kaloula borealis
Kaloula nonggangensis
Kaloula pulchra
Kaloula rugifera
Kaloula verrucosa
Kurixalus eiffingeri
Kurixalus idiootocus
Kurixalus lenquanensis
Kurixalus naso
Kurixalus odontotarsus
Kurixalus verrucosus
Leptobrachella alpina
Leptobrachella bijie
Leptobrachella liui
Leptobrachella maoershanensis
Leptobrachella oshanensis
Leptobrachella pelodytoides
Leptobrachella pluvialis
Leptobrachella purpura
Leptobrachella purpuraventra
Leptobrachella shangsiensis
Leptobrachella sungi
Leptobrachella tengchongensis
Leptobrachella ventripunctata
Leptobrachella wuhuangmontis
Leptobrachella yingjiangensis
Leptobrachella yunkaiensis
Leptobrachium ailaonicum
Leptobrachium boringii
Leptobrachium chapaense
Leptobrachium hainanense
Leptobrachium huashen
Leptobrachium leishanense
Leptobrachium liui
Leptobrachium promustache
Leptobrachium tengchongense
Limnonectes fragilis
Limnonectes fujianensis
Limnonectes kuhlii
Limnonectes limborgi
Limnonectes liui
Limnonectes taylori
Liua shihi
Liua tsinpaensis
Liuixalus feii
Liuixalus hainanus
Liuixalus ocellatus
Liuixalus romeri
Liuixalus shiwandashan
Liurana alpina
Liurana medogensis
Liurana vallecula
Liurana xizangensis
Megophrys binchuanensis
Megophrys boettgeri
Megophrys brachykolos
Megophrys caudoprocta
Megophrys cheni
Megophrys chuannanensis
Megophrys daweimontis
Megophrys feae
Megophrys feii
Megophrys gigantica
Megophrys glandulosa
Megophrys huangshanensis
Megophrys jingdongensis
Megophrys jinggangensis
Megophrys koui
Megophrys kuatunensis
Megophrys leishanensis
Megophrys liboensis
Megophrys lini
Megophrys major
Megophrys mangshanensis
Megophrys medogensis
Megophrys microstoma
Megophrys minor
Megophrys nankiangensis
Megophrys obesa
Megophrys ombrophila
Megophrys omeimontis
Megophrys pachyproctus
Megophrys palpebralespinosa
Megophrys parva
Megophrys popei
Megophrys robusta
Megophrys sangzhiensis
Megophrys shapingensis
Megophrys shuichengensis
Megophrys spinata
Megophrys tuberogranulata
Megophrys wawuensis
Megophrys wuliangshanensis
Megophrys wushanensis
Microhyla berdmorei
Microhyla butleri
Microhyla fissipes
Microhyla heymonsi
Microhyla mixtura
Microhyla pulchra
Micryletta inornata
Micryletta steinegeri
Nanorana aenea
Nanorana arnoldi
Nanorana blanfordii
Nanorana bourreti
Nanorana conaensis
Nanorana feae
Nanorana liebigii
Nanorana liui
Nanorana maculosa
Nanorana medogensis
Nanorana minica
Nanorana parkeri
Nanorana pleskei
Nanorana polunini
Nanorana quadranus
Nanorana rostandi
Nanorana taihangnica
Nanorana unculuanus
Nanorana ventripunctata
Nanorana yunnanensis
Nasutixalus yingjiangensis
Nidirana adenopleura
Nidirana daunchina
Nidirana hainanensis
Nidirana lini
Nidirana pleuraden
Occidozyga lima
Occidozyga martensii
Odorrana andersonii
Odorrana anlungensis
Odorrana bacboensis
Odorrana cangyuanensis
Odorrana chapaensis
Odorrana chloronota
Odorrana exiliversabilis
Odorrana geminata
Odorrana grahami
Odorrana graminea
Odorrana hainanensis
Odorrana hejiangensis
Odorrana jingdongensis
Odorrana junlianensis
Odorrana kuangwuensis
Odorrana kweichowensis
Odorrana leporipes
Odorrana lungshengensis
Odorrana macrotympana
Odorrana margaretae
Odorrana nanjiangensis
Odorrana nasuta
Odorrana schmackeri
Odorrana swinhoana
Odorrana tiannanensis
Odorrana tormota
Odorrana versabilis
Odorrana wuchuanensis
Odorrana yizhangensis
Odorrana zhaoi
Ombrana sikimensis
Onychodactylus fischeri
Onychodactylus zhangyapingi
Oreolalax chuanbeiensis
Oreolalax granulosus
Oreolalax jingdongensis
Oreolalax liangbeiensis
Oreolalax lichuanensis
Oreolalax major
Oreolalax multipunctatus
Oreolalax nanjiangensis
Oreolalax omeimontis
Oreolalax pingii
Oreolalax popei
Oreolalax puxiongensis
Oreolalax rhodostigmatus
Oreolalax rugosus
Oreolalax schmidti
Oreolalax weigoldi
Oreolalax xiangchengensis
Pachyhynobius shangchengensis
Pachytriton archospotus
Pachytriton brevipes
Pachytriton changi
Pachytriton feii
Pachytriton granulosus
Pachytriton inexpectatus
Pachytriton moi
Pachytriton wuguanfui
Pachytriton xanthospilos
Papurana milleti
Paramesotriton aurantius
Paramesotriton caudopunctatus
Paramesotriton chinensis
Paramesotriton deloustali
Paramesotriton fuzhongensis
Paramesotriton guangxiensis
Paramesotriton hongkongensis
Paramesotriton longliensis
Paramesotriton maolanensis
Paramesotriton qixilingensis
Paramesotriton wulingensis
Paramesotriton yunwuensis
Paramesotriton zhijinensis
Parapelophryne scalpta
Pelophylax chosenicus
Pelophylax fukienensis
Pelophylax hubeiensis
Pelophylax nigromaculatus
Pelophylax plancyi
Pelophylax tenggerensis
Philautus kempii
Philautus maosonensis
Philautus tytthus
Polypedates leucomystax
Polypedates maculatus
Polypedates megacephalus
Polypedates mutus
Pseudohynobius flavomaculatus
Pseudohynobius guizhouensis
Pseudohynobius jinfo
Pseudohynobius kuankuoshuiensis
Pseudohynobius puxiongensis
Pseudohynobius shuichengensis
Pseudorana sangzhiensis
Pseudorana weiningensis
Quasipaa acanthophora
Quasipaa boulengeri
Quasipaa delacouri
Quasipaa exilispinosa
Quasipaa jiulongensis
Quasipaa robertingeri
Quasipaa shini
Quasipaa spinosa
Quasipaa verrucospinosa
Quasipaa yei
Rana amurensis
Rana arvalis
Rana asiatica
Rana chaochiaoensis
Rana chensinensis
Rana chevronta
Rana coreana
Rana dybowskii
Rana hanluica
Rana huanrensis
Rana johnsi
Rana kukunoris
Rana longicrus
Rana luanchuanensis
Rana omeimontis
Rana sauteri
Rana shuchinae
Rana zhengi
Rana zhenhaiensis
Ranodon sibiricus
Raorchestes andersoni
Raorchestes annandalii
Raorchestes longchuanensis
Raorchestes menglaensis
Raorchestes parvulus
Rhacophorus bipunctatus
Rhacophorus gongshanensis
Rhacophorus kio
Rhacophorus laoshan
Rhacophorus maximus
Rhacophorus rhodopus
Rhacophorus taronensis
Rhacophorus translineatus
Rhacophorus tuberculatus
Rhacophorus verrucopus
Rohanixalus vittatus
Salamandrella keyserlingii
Scutiger adungensis
Scutiger boulengeri
Scutiger brevipes
Scutiger chintingensis
Scutiger glandulatus
Scutiger gongshanensis
Scutiger jiulongensis
Scutiger liupanensis
Scutiger maculatus
Scutiger mammatus
Scutiger muliensis
Scutiger nepalensis
Scutiger ningshanensis
Scutiger nyingchiensis
Scutiger pingwuensis
Scutiger sikimmensis
Scutiger tengchongensis
Scutiger tuberculatus
Scutiger wanglangensis
Scutiger wuguanfui
Strauchbufo raddei
Sylvirana cubitalis
Sylvirana guentheri
Sylvirana maosonensis
Sylvirana nigrovittata
Sylvirana spinulosa
Theloderma albopunctatum
Theloderma asperum
Theloderma baibungense
Theloderma corticale
Theloderma gordoni
Theloderma kwangsiense
Theloderma lateriticum
Theloderma moloch
Theloderma rhododiscus
Tylototriton anguliceps
Tylototriton anhuiensis
Tylototriton asperrimus
Tylototriton dabienicus
Tylototriton hainanensis
Tylototriton kweichowensis
Tylototriton liuyangensis
Tylototriton lizhengchangi
Tylototriton pseudoverrucosus
Tylototriton shanjing
Tylototriton taliangensis
Tylototriton verrucosus
Tylototriton wenxianensis
Tylototriton yangi
Tylototriton ziegleri
Uperodon globulosus
Zhangixalus arvalis
Zhangixalus aurantiventris
Zhangixalus chenfui
Zhangixalus dennysi
Zhangixalus duboisi
Zhangixalus dugritei
Zhangixalus feae
Zhangixalus hui
Zhangixalus hungfuensis
Zhangixalus leucofasciatus
Zhangixalus lishuiensis
Zhangixalus minimus
Zhangixalus moltrechti
Zhangixalus nigropunctatus
Zhangixalus omeimontis
Zhangixalus prasinatus
Zhangixalus puerensis
Zhangixalus taipeianus
Zhangixalus wui
Zhangixalus yaoshanensis
Zhangixalus yinggelingensis
Zhangixalus zhoukaiyae
Abroscopus albogularis
Abroscopus schisticeps
Abroscopus superciliaris
Acanthis flammea
Accipiter badius
Accipiter gentilis
Accipiter gularis
Accipiter nisus
Accipiter soloensis
Accipiter trivirgatus
Accipiter virgatus
Aceros nipalensis
Acridotheres albocinctus
Acridotheres burmannicus
Acridotheres cristatellus
Acridotheres ginginianus
Acridotheres grandis
Acridotheres tristis
Acrocephalus agricola
Acrocephalus arundinaceus
Acrocephalus bistrigiceps
Acrocephalus concinens
Acrocephalus dumetorum
Acrocephalus orientalis
Acrocephalus schoenobaenus
Acrocephalus scirpaceus
Acrocephalus stentoreus
Acrocephalus tangorum
Actinodura egertoni
Actinodura radcliffei
Actitis hypoleucos
Aegithalos bonvaloti
Aegithalos caudatus
Aegithalos concinnus
Aegithalos fuliginosus
Aegithalos glaucogularis
Aegithalos iouschistos
Aegithalos iredalei
Aegithina lafresnayei
Aegithina tiphia
Aegolius funereus
Aegypius monachus
Aerodramus brevirostris
Aerodramus fuciphagus
Aethopyga christinae
Aethopyga gouldiae
Aethopyga ignicauda
Aethopyga latouchii
Aethopyga nipalensis
Aethopyga saturata
Aethopyga siparaja
Agraphospiza rubescens
Agropsar philippensis
Agropsar sturninus
Aix galericulata
Alauda arvensis
Alauda gulgula
Alauda leucoptera
Alaudala rufescens
Alcedo atthis
Alcedo hercules
Alcedo meninting
Alcippe morrisonia
Alcippe nipalensis
Alcippe poioicephala
Alcurus striatus
Alectoris chukar
Alectoris magna
Alexandrinus krameri
Alophoixus flaveolus
Alophoixus pallidus
Amandava amandava
Amaurornis phoenicurus
Ampeliceps coronatus
Anas acuta
Anas crecca
Anas platyrhynchos
Anas poecilorhyncha
Anas zonorhyncha
Anorrhinus austeni
Anser albifrons
Anser anser
Anser cygnoid
Anser erythropus
Anser fabalis
Anser indicus
Anthipes monileger
Anthracoceros albirostris
Anthropoides virgo
Anthus campestris
Anthus cervinus
Anthus godlewskii
Anthus gustavi
Anthus hodgsoni
Anthus richardi
Anthus roseatus
Anthus rubescens
Anthus rufulus
Anthus spinoletta
Anthus sylvanus
Anthus trivialis
Apus apus
Apus nipalensis
Apus pacificus
Aquila chrysaetos
Aquila fasciata
Aquila heliaca
Aquila nipalensis
Arachnothera longirostra
Arachnothera magna
Arborophila ardens
Arborophila atrogularis
Arborophila brunneopectus
Arborophila crudigularis
Arborophila gingica
Arborophila mandellii
Arborophila rufipectus
Arborophila rufogularis
Arborophila torqueola
Ardea alba
Ardea cinerea
Ardea intermedia
Ardea purpurea
Ardeola bacchus
Arenaria interpres
Artamus fuscus
Arundinax aedon
Asio flammeus
Asio otus
Athene noctua
Aviceda jerdoni
Aviceda leuphotes
Aythya baeri
Aythya ferina
Aythya fuligula
Aythya marila
Aythya nyroca
Bambusicola fytchii
Bambusicola sonorivox
Bambusicola thoracicus
Batrachostomus hodgsoni
Blythipicus pyrrhotis
Bombycilla garrulus
Bombycilla japonica
Bonasa bonasia
Bonasa sewerzowi
Botaurus stellaris
Brachypodius atriceps
Brachypteryx cruralis
Brachypteryx goodfellowi
Brachypteryx hyperythra
Brachypteryx leucophris
Brachypteryx sinensis
Branta bernicla
Bubo blakistoni
Bubo bubo
Bubo coromandus
Bubo nipalensis
Bubo scandiacus
Bubulcus ibis
Bucanetes mongolicus
Bucephala clangula
Buceros bicornis
Burhinus oedicnemus
Butastur indicus
Butastur liventer
Butastur teesa
Buteo buteo
Buteo hemilasius
Buteo japonicus
Buteo lagopus
Buteo refectus
Buteo rufinus
Butorides striata
Cacomantis merulinus
Cacomantis sonneratii
Calandrella acutirostris
Calandrella brachydactyla
Calandrella dukhunensis
Calcarius lapponicus
Calidris acuminata
Calidris alba
Calidris alpina
Calidris falcinellus
Calidris ferruginea
Calidris pugnax
Calidris pygmaea
Calidris ruficollis
Calidris subminuta
Calidris temminckii
Calliope calliope
Calliope obscura
Calliope pectardens
Calliope pectoralis
Calliope tschebaiewi
Caprimulgus affinis
Caprimulgus europaeus
Caprimulgus jotaka
Caprimulgus macrurus
Carduelis caniceps
Carpodacus dubius
Carpodacus edwardsii
Carpodacus erythrinus
Carpodacus formosanus
Carpodacus pulcherrimus
Carpodacus puniceus
Carpodacus rhodochlamys
Carpodacus roborowskii
Carpodacus rodochroa
Carpodacus rodopeplus
Carpodacus roseus
Carpodacus rubicilla
Carpodacus rubicilloides
Carpodacus sibiricus
Carpodacus sillemi
Carpodacus sipahi
Carpodacus stoliczkae
Carpodacus subhimachalus
Carpodacus thura
Carpodacus trifasciatus
Carpodacus verreauxii
Carpodacus vinaceus
Carpodacus waltoni
Cecropis daurica
Centropus bengalensis
Centropus sinensis
Cephalopyrus flammiceps
Certhia discolor
Certhia himalayana
Certhia hodgsoni
Certhia nipalensis
Certhia tianquanensis
Ceryle rudis
Cettia brunnifrons
Cettia castaneocoronata
Cettia cetti
Cettia major
Ceyx erithaca
Chalcoparia singalensis
Chalcophaps indica
Charadrius alexandrinus
Charadrius asiaticus
Charadrius dealbatus
Charadrius dubius
Charadrius leschenaultii
Charadrius mongolus
Charadrius placidus
Charadrius veredus
Chelidorhynx hypoxanthus
Chlamydotis macqueenii
Chleuasicus atrosuperciliaris
Chloris ambigua
Chloris sinica
Chloris spinoides
Chloropsis aurifrons
Chloropsis hardwickii
Chloropsis lazulina
Chloropsis moluccensis
Cholornis paradoxus
Cholornis unicolor
Chrysococcyx maculatus
Chrysococcyx xanthorhynchus
Chrysocolaptes guttacristatus
Chrysolophus amherstiae
Chrysolophus pictus
Chrysominla strigula
Chrysomma sinense
Chrysophlegma flavinucha
Ciconia boyciana
Ciconia ciconia
Ciconia episcopus
Ciconia nigra
Cinclidium frontale
Cinclus cinclus
Cinclus pallasii
Cinnyris asiaticus
Cinnyris jugularis
Circaetus gallicus
Circus aeruginosus
Circus cyaneus
Circus macrourus
Circus melanoleucos
Circus pygargus
Circus spilonotus
Cissa chinensis
Cissa hypoleuca
Cisticola exilis
Cisticola juncidis
Clamator coromandus
Clamator jacobinus
Clanga clanga
Clangula hyemalis
Coccothraustes coccothraustes
Cochoa purpurea
Cochoa viridis
Columba eversmanni
Columba hodgsonii
Columba leuconota
Columba livia
Columba oenas
Columba palumbus
Columba pulchricollis
Columba punicea
Columba rupestris
Conostoma aemodium
Copsychus saularis
Coracias affinis
Coracias garrulus
Coracina javensis
Corvus corax
Corvus corone
Corvus dauuricus
Corvus frugilegus
Corvus macrorhynchos
Corvus monedula
Corvus pectoralis
Corvus splendens
Coturnicops exquisitus
Coturnix coturnix
Coturnix japonica
Crex crex
Crossoptilon auritum
Crossoptilon crossoptilon
Crossoptilon harmani
Crossoptilon mantchuricum
Crypsirina temia
Cuculus canorus
Cuculus micropterus
Cuculus poliocephalus
Cuculus saturatus
Culicicapa ceylonensis
Cutia nipalensis
Cyanecula svecica
Cyanistes cyanus
Cyanoderma chrysaeum
Cyanoderma ruficeps
Cyanoderma rufifrons
Cyanopica cyanus
Cyanoptila cumatilis
Cyanoptila cyanomelana
Cygnus columbianus
Cygnus cygnus
Cygnus olor
Cyornis banyumas
Cyornis brunneatus
Cyornis concretus
Cyornis glaucicomans
Cyornis hainanus
Cyornis poliogenys
Cyornis rubeculoides
Cyornis unicolor
Cypsiurus balasiensis
Delichon dasypus
Delichon lagopodum
Delichon nipalense
Delichon urbicum
Dendrocitta formosae
Dendrocitta frontalis
Dendrocopos atratus
Dendrocopos darjellensis
Dendrocopos hyperythrus
Dendrocopos leucopterus
Dendrocopos leucotos
Dendrocopos major
Dendrocygna javanica
Dendronanthus indicus
Dicaeum chrysorrheum
Dicaeum cruentatum
Dicaeum ignipectus
Dicaeum melanozanthum
Dicaeum minullum
Dicrurus aeneus
Dicrurus annectens
Dicrurus hottentottus
Dicrurus leucophaeus
Dicrurus macrocercus
Dicrurus paradiseus
Dicrurus remifer
Dinopium javanense
Dryobates cathpharius
Dryobates minor
Dryobates pernyii
Dryocopus javensis
Dryocopus martius
Ducula aenea
Ducula badia
Egretta eulophotes
Egretta garzetta
Egretta sacra
Elachura formosa
Elanus caeruleus
Emberiza aureola
Emberiza bruniceps
Emberiza buchanani
Emberiza calandra
Emberiza chrysophrys
Emberiza cia
Emberiza cioides
Emberiza citrinella
Emberiza elegans
Emberiza fucata
Emberiza godlewskii
Emberiza hortulana
Emberiza jankowskii
Emberiza koslowi
Emberiza lathami
Emberiza leucocephalos
Emberiza pallasi
Emberiza pusilla
Emberiza rustica
Emberiza rutila
Emberiza schoeniclus
Emberiza siemsseni
Emberiza spodocephala
Emberiza tristrami
Emberiza yessoensis
Enicurus leschenaulti
Enicurus maculatus
Enicurus schistaceus
Enicurus scouleri
Eophona migratoria
Eophona personata
Eremophila alpestris
Erpornis zantholeuca
Erythrogenys erythrocnemis
Erythrogenys erythrogenys
Erythrogenys gravivox
Erythrogenys hypoleucos
Erythrogenys swinhoei
Esacus recurvirostris
Eudromias morinellus
Eudynamys scolopaceus
Eumyias thalassinus
Eurystomus orientalis
Falco amurensis
Falco cherrug
Falco columbarius
Falco naumanni
Traceback (most recent call last):
  File "/home/hmp/paleoclimate/phylogenetic_tree/ND2/ND2_add.py", line 62, in <module>
    ND2_add(os.sys.argv[1])                     
  File "/home/hmp/paleoclimate/phylogenetic_tree/ND2/ND2_add.py", line 55, in ND2_add
    download_seq += seq_check(seq_info,taxa)
  File "/home/hmp/paleoclimate/phylogenetic_tree/ND2/ND2_add.py", line 13, in seq_check
    if len(j.location) == len(str(SeqRecord.seq)[j.location.start:j.location.end]):
  File "/home/hmp/miniconda3/envs/py3/lib/python3.9/site-packages/Bio/Seq.py", line 326, in __str__
    return self._data.decode("ASCII")
  File "/home/hmp/miniconda3/envs/py3/lib/python3.9/site-packages/Bio/Seq.py", line 147, in decode
    return bytes(self).decode(encoding)
  File "/home/hmp/miniconda3/envs/py3/lib/python3.9/site-packages/Bio/Seq.py", line 2795, in __bytes__
    raise UndefinedSequenceError("Sequence content is undefined")
Bio.Seq.UndefinedSequenceError: Sequence content is undefined
Falco peregrinus
Falco rusticolus
Falco severus
Falco subbuteo
Falco tinnunculus
Falco vespertinus
Ficedula albicilla
Ficedula elisae
Ficedula erithacus
Ficedula hodgsoni
Ficedula hyperythra
Ficedula mugimaki
Ficedula narcissina
Ficedula sapphira
Ficedula strophiata
Ficedula superciliaris
Ficedula tricolor
Ficedula westermanni
Ficedula zanthopygia
Francolinus pintadeanus
Fringilla coelebs
Fringilla montifringilla
Fulica atra
Fulvetta cinereiceps
Fulvetta formosana
Fulvetta ludlowi
Fulvetta manipurensis
Fulvetta ruficapilla
Fulvetta striaticollis
Fulvetta vinipectus
Galerida cristata
Gallicrex cinerea
Gallinago gallinago
Gallinago hardwickii
Gallinago megala
Gallinago nemoricola
Gallinago solitaria
Gallinago stenura
Gallinula chloropus
Gallus gallus
Gampsorhynchus rufulus
Gampsorhynchus torquatus
Garrulax albogularis
Garrulax berthemyi
Garrulax bieti
Garrulax caerulatus
Garrulax canorus
Garrulax castanotis
Garrulax chinensis
Garrulax cineraceus
Garrulax cinereiceps
Garrulax davidi
Garrulax koslowi
Garrulax lanceolatus
Garrulax leucolophus
Garrulax lunulatus
Garrulax maesi
Garrulax maximus
Garrulax merulinus
Garrulax monachus
Garrulax monileger
Garrulax ocellatus
Garrulax pectoralis
Garrulax perspicillatus
Garrulax poecilorhynchus
Garrulax ruficeps
Garrulax ruficollis
Garrulax rufogularis
Garrulax sannio
Garrulax strepitans
Garrulax sukatschewi
Garrulax taewanus
Garrulax waddelli
Garrulus bispecularis
Garrulus glandarius
Garrulus leucotis
Gecinulus grantia
Geokichla citrina
Geokichla sibirica
Glareola lactea
Glareola maldivarum
Glareola pratincola
Glaucidium brodiei
Glaucidium cuculoides
Glaucidium passerinum
Gorsachius goisagi
Gorsachius melanolophus
Gracula religiosa
Gracupica contra
Gracupica nigricollis
Graminicola striatus
Grammatoptila striata
Grandala coelicolor
Grus antigone
Grus grus
Grus japonensis
Grus monacha
Grus nigricollis
Grus vipio
Gypaetus barbatus
Gyps bengalensis
Gyps fulvus
Gyps himalayensis
Haematopus ostralegus
Halcyon coromanda
Halcyon pileata
Halcyon smyrnensis
Haliaeetus albicilla
Haliaeetus leucogaster
Haliaeetus leucoryphus
Haliaeetus pelagicus
Haliastur indus
Harpactes erythrocephalus
Harpactes oreskios
Harpactes wardi
Helopsaltes certhiola
Helopsaltes fasciolata
Helopsaltes ochotensis
Helopsaltes pleskei
Helopsaltes pryeri
Hemiprocne coronata
Hemipus picatus
Hemitesia pallidipes
Hemixos castanonotus
Hemixos flavala
Heterophasia auricularis
Heterophasia capistrata
Heterophasia desgodinsi
Heterophasia gracilis
Heterophasia melanoleuca
Heterophasia picaoides
Heterophasia pulchella
Heteroxenicus stellatus
Hieraaetus pennatus
Hierococcyx hyperythrus
Hierococcyx nisicolor
Hierococcyx sparverioides
Himalayapsitta finschii
Himalayapsitta roseata
Himantopus himantopus
Hirundapus caudacutus
Hirundapus cochinchinensis
Hirundo javanica
Hirundo rustica
Histrionicus histrionicus
Hodgsonius phaenicuroides
Horornis acanthizoides
Horornis brunnescens
Horornis canturians
Horornis diphone
Horornis flavolivaceus
Horornis fortipes
Hydrophasianus chirurgus
Hydrornis cyaneus
Hydrornis nipalensis
Hydrornis oatesi
Hydrornis phayrei
Hydrornis soror
Hypothymis azurea
Hypsipetes amaurotis
Hypsipetes leucocephalus
Ibidorhyncha struthersii
Icthyophaga humilis
Ictinaetus malaiensis
Iduna caligata
Iduna rama
Indicator xanthonotus
Iole propinqua
Irena puella
Ithaginis cruentus
Ixobrychus cinnamomeus
Ixobrychus eurhythmus
Ixobrychus flavicollis
Ixobrychus minutus
Ixobrychus sinensis
Ixos mcclellandii
Jynx torquilla
Ketupa flavipes
Ketupa zeylonensis
Kittacincla malabarica
Kurochkinegramma hypogrammica
Lagopus lagopus
Lagopus muta
Lalage melaschistos
Lanius borealis
Lanius bucephalus
Lanius collurio
Lanius collurioides
Lanius cristatus
Lanius excubitor
Lanius giganteus
Lanius isabellinus
Lanius minor
Lanius phoenicuroides
Lanius schach
Lanius sphenocercus
Lanius tephronotus
Lanius tigrinus
Larvivora akahige
Larvivora brunnea
Larvivora cyane
Larvivora ruficeps
Larvivora sibilans
Leioptila annectens
Leiothrix argentauris
Leiothrix lutea
Leptopoecile elegans
Leptopoecile sophiae
Leptoptilos javanicus
Lerwa lerwa
Leucogeranus leucogeranus
Leucosticte arctoa
Leucosticte brandti
Leucosticte nemoricola
Lewinia striata
Limnodromus semipalmatus
Limosa lapponica
Limosa limosa
Linaria cannabina
Linaria flavirostris
Liocichla omeiensis
Liocichla phoenicea
Liocichla ripponi
Liocichla steerii
Lioparus chrysotis
Locustella alishanensis
Locustella chengi
Locustella davidi
Locustella lanceolata
Locustella luscinioides
Locustella luteoventris
Locustella major
Locustella mandelli
Locustella naevia
Locustella tacsanowskia
Locustella thoracica
Lonchura atricapilla
Lonchura punctulata
Lonchura striata
Lophophanes dichrous
Lophophorus impejanus
Lophophorus lhuysii
Lophophorus sclateri
Lophotriorchis kienerii
Lophura leucomelanos
Lophura nycthemera
Lophura swinhoii
Loriculus vernalis
Loxia curvirostra
Loxia leucoptera
Luscinia megarhynchos
Lymnocryptes minimus
Lyncornis macrotis
Lyrurus tetrix
Machlolophus holsti
Machlolophus spilonotus
Macropygia ruficeps
Macropygia unchall
Mareca falcata
Mareca penelope
Mareca strepera
Marmaronetta angustirostris
Megaceryle lugubris
Megalurus palustris
Melanitta americana
Melanitta stejnegeri
Melanochlora sultanea
Melanocorypha maxima
Melanocorypha mongolica
Mergellus albellus
Mergus merganser
Mergus serrator
Mergus squamatus
Merops apiaster
Merops leschenaulti
Merops orientalis
Merops philippinus
Merops viridis
Metopidius indicus
Microhierax caerulescens
Microhierax melanoleucos
Micropternus brachyurus
Milvus migrans
Minla ignotincta
Mirafra javanica
Mixornis gularis
Monticola gularis
Monticola rufiventris
Monticola saxatilis
Monticola solitarius
Montifringilla adamsi
Montifringilla henrici
Montifringilla nivalis
Motacilla alba
Motacilla cinerea
Motacilla citreola
Motacilla flava
Motacilla tschutschensis
Moupinia poecilotis
Mulleripicus pulverulentus
Muscicapa dauurica
Muscicapa ferruginea
Muscicapa griseisticta
Muscicapa muttui
Muscicapa sibirica
Muscicapa striata
Mycerobas affinis
Mycerobas carnipes
Mycerobas melanozanthos
Mycteria leucocephala
Myiomela leucura
Myophonus caeruleus
Myophonus insularis
Myzornis pyrrhoura
Napothera epilepidota
Neophron percnopterus
Neosuthora davidiana
Netta rufina
Nettapus coromandelianus
Niltava davidi
Niltava grandis
Niltava macgrigoriae
Niltava oatesi
Niltava sundara
Niltava vivida
Ninox japonica
Ninox scutulata
Nipponia nippon
Nisaetus nipalensis
Nucifraga caryocatactes
Nucifraga hemispila
Nucifraga multipunctata
Numenius arquata
Numenius madagascariensis
Numenius phaeopus
Nycticorax nycticorax
Nyctyornis athertoni
Oenanthe deserti
Oenanthe isabellina
Oenanthe oenanthe
Oenanthe pleschanka
Onychostruthus taczanowskii
Oriolus chinensis
Oriolus mellianus
Oriolus oriolus
Oriolus tenuirostris
Oriolus traillii
Oriolus xanthornus
Oroanassa magnifica
Orthotomus atrogularis
Orthotomus sutorius
Otis tarda
Otocichla mupinensis
Otus lettia
Otus scops
Otus semitorques
Otus spilocephalus
Otus sunia
Oxyura leucocephala
Pandion haliaetus
Panurus biarmicus
Paradoxornis guttaticollis
Paradoxornis heudei
Pardaliparus venustulus
Parus major
Parus monticolus
Passer ammodendri
Passer cinnamomeus
Passer domesticus
Passer hispaniolensis
Passer montanus
Pastor roseus
Pavo muticus
Pelargopsis capensis
Pellorneum albiventre
Pellorneum ruficeps
Perdix dauurica
Perdix hodgsoniae
Perdix perdix
Pericrocotus brevirostris
Pericrocotus cantonensis
Pericrocotus divaricatus
Pericrocotus ethologus
Pericrocotus flammeus
Pericrocotus roseus
Pericrocotus solaris
Periparus ater
Periparus rubidiventris
Periparus rufonuchalis
Perisoreus infaustus
Perisoreus internigrans
Pernis ptilorhynchus
Petronia petronia
Phaenicophaeus tristis
Phasianus colchicus
Phodilus badius
Phoenicurus alaschanicus
Phoenicurus auroreus
Phoenicurus coeruleocephala
Phoenicurus erythrogastrus
Phoenicurus erythronotus
Phoenicurus frontalis
Phoenicurus fuliginosus
Phoenicurus hodgsoni
Phoenicurus leucocephalus
Phoenicurus ochruros
Phoenicurus schisticeps
Phyllergates cucullatus
Phylloscopus affinis
Phylloscopus armandii
Phylloscopus borealis
Phylloscopus borealoides
Phylloscopus burkii
Phylloscopus calciatilis
Phylloscopus cantator
Phylloscopus castaniceps
Phylloscopus chloronotus
Phylloscopus claudiae
Phylloscopus coronatus
Phylloscopus emeiensis
Phylloscopus forresti
Phylloscopus fuligiventer
Phylloscopus fuscatus
Phylloscopus goodsoni
Phylloscopus griseolus
Phylloscopus hainanus
Phylloscopus humei
Phylloscopus ijimae
Phylloscopus inornatus
Phylloscopus intensior
Phylloscopus intermedius
Phylloscopus kansuensis
Phylloscopus maculipennis
Phylloscopus magnirostris
Phylloscopus ogilviegranti
Phylloscopus omeiensis
Phylloscopus plumbeitarsus
Phylloscopus poliogenys
Phylloscopus proregulus
Phylloscopus pulcher
Phylloscopus reguloides
Phylloscopus ricketti
Phylloscopus schwarzi
Phylloscopus sindianus
Phylloscopus soror
Phylloscopus subaffinis
Phylloscopus tenellipes
Phylloscopus tephrocephalus
Phylloscopus tristis
Phylloscopus trochiloides
Phylloscopus valentini
Phylloscopus whistleri
Phylloscopus xanthodryas
Phylloscopus xanthoschistos
Phylloscopus yunnanensis
Pica pica
Picoides canicapillus
Picoides funebris
Picoides kizuki
Picoides tridactylus
Picumnus innominatus
Picus canus
Picus chlorolophus
Picus guerini
Picus rabieri
Picus vittatus
Picus xanthopygaeus
Pinicola enucleator
Pitta moluccensis
Pitta nympha
Pitta sordida
Platalea leucorodia
Platalea minor
Plectrophenax nivalis
Plegadis falcinellus
Ploceus benghalensis
Ploceus manyar
Ploceus philippinus
Pluvialis fulva
Pluvialis squatarola
Pnoepyga formosana
Pnoepyga pusilla
Podiceps auritus
Podiceps cristatus
Podiceps grisegena
Podiceps nigricollis
Podoces biddulphi
Podoces hendersoni
Poecile cinctus
Poecile davidi
Poecile hypermelaenus
Poecile montanus
Poecile palustris
Poecile superciliosus
Poecile weigoldicus
Polyplectron bicalcaratum
Polyplectron katsumatae
Pomatorhinus ferruginosus
Pomatorhinus musicus
Pomatorhinus ochraceiceps
Pomatorhinus phayrei
Pomatorhinus ruficollis
Pomatorhinus superciliaris
Porphyrio porphyrio
Porzana porzana
Prinia atrogularis
Prinia crinigera
Prinia flaviventris
Prinia hodgsonii
Prinia inornata
Prinia polychroa
Prinia rufescens
Prinia sonitans
Prinia superciliaris
Procarduelis nipalensis
Prunella atrogularis
Prunella collaris
Prunella fulvescens
Prunella himalayana
Prunella immaculata
Prunella koslowi
Prunella montanella
Prunella rubeculoides
Prunella strophiata
Psarisomus dalhousiae
Pseudopodoces humilis
Psilopogon asiaticus
Psilopogon cyanotis
Psilopogon faber
Psilopogon faiostrictus
Psilopogon franklinii
Psilopogon haemacephalus
Psilopogon lineatus
Psilopogon nuchalis
Psilopogon virens
Psittacula alexandri
Psittacula derbiana
Psittiparus bakeri
Psittiparus gularis
Psittiparus ruficeps
Pterocles orientalis
Pteruthius aenobarbus
Pteruthius aeralatus
Pteruthius melanotis
Pteruthius rufiventer
Pteruthius xanthochlorus
Ptyonoprogne concolor
Ptyonoprogne rupestris
Pucrasia macrolopha
Pycnonotus aurigaster
Pycnonotus cafer
Pycnonotus finlaysoni
Pycnonotus flavescens
Pycnonotus jocosus
Pycnonotus sinensis
Pycnonotus taivanus
Pycnonotus xanthorrhous
Pyrgilauda blanfordi
Pyrgilauda davidiana
Pyrgilauda ruficollis
Pyrrhocorax graculus
Pyrrhocorax pyrrhocorax
Pyrrhoplectes epauletta
Pyrrhula erythaca
Pyrrhula erythrocephala
Pyrrhula nipalensis
Pyrrhula pyrrhula
Rallina eurizonoides
Rallus aquaticus
Rallus indicus
Ramphiculus leclancheri
Recurvirostra avosetta
Regulus goodfellowi
Regulus regulus
Remiz consobrinus
Remiz coronatus
Rhipidura albicollis
Rhipidura aureola
Rhodopechys sanguineus
Rhodospiza obsoleta
Rhopophilus albosuperciliaris
Rhopophilus pekinensis
Rimator malacoptilus
Riparia chinensis
Riparia diluta
Riparia riparia
Rostratula benghalensis
Rubigula flaviventris
Sarcogyps calvus
Sarkidiornis melanotos
Sasia ochracea
Saxicola caprata
Saxicola ferreus
Saxicola insignis
Saxicola jerdoni
Saxicola torquatus
Schoeniparus brunneus
Schoeniparus castaneceps
Schoeniparus cinereus
Schoeniparus dubius
Schoeniparus rufogularis
Schoeniparus variegaticeps
Scolopax rusticola
Serilophus lunatus
Serinus pusillus
Sibia morrisoniana
Sibia nipalensis
Sibia souliei
Sibia waldeni
Sibirionetta formosa
Sinosuthora alphonsiana
Sinosuthora brunnea
Sinosuthora conspicillata
Sinosuthora przewalskii
Sinosuthora ricketti
Sinosuthora webbiana
Sinosuthora zappeyi
Sitta cinnamoventris
Sitta europaea
Sitta formosa
Sitta frontalis
Sitta himalayensis
Sitta magna
Sitta nagaensis
Sitta przewalskii
Sitta solangiae
Sitta villosa
Sitta yunnanensis
Sittiparus castaneoventris
Sittiparus varius
Siva cyanouroptera
Spatula clypeata
Spatula querquedula
Spelaeornis reptatus
Spelaeornis troglodytoides
Spilopelia chinensis
Spilopelia senegalensis
Spilornis cheela
Spinus spinus
Spinus thibetanus
Spizixos canifrons
Spizixos semitorques
Spodiopsar cineraceus
Spodiopsar sericeus
Stachyris nigriceps
Stachyris nonggangensis
Stachyris roberti
Stachyris strialata
Streptopelia decaocto
Streptopelia orientalis
Streptopelia tranquebarica
Streptopelia turtur
Strix aluco
Strix leptogrammica
Strix nebulosa
Strix nivicolum
Strix uralensis
Sturnia malabarica
Sturnia pagodarum
Sturnia sinensis
Sturnus vulgaris
Surnia ulula
Surniculus dicruroides
Suthora fulvifrons
Suthora nipalensis
Suthora verreauxi
Sylvia communis
Sylvia curruca
Sylvia nana
Sylvia nisoria
Sylviparus modestus
Synoicus chinensis
Syrmaticus ellioti
Syrmaticus humiae
Syrmaticus mikado
Syrmaticus reevesii
Syrrhaptes paradoxus
Syrrhaptes tibetanus
Tachybaptus ruficollis
Tadorna ferruginea
Tadorna tadorna
Tarsiger chrysaeus
Tarsiger cyanurus
Tarsiger hyperythrus
Tarsiger indicus
Tarsiger johnstoniae
Tarsiger rufilatus
Temnurus temnurus
Tephrodornis virgatus
Terpsiphone affinis
Terpsiphone atrocaudata
Terpsiphone incei
Tesia cyaniventer
Tesia olivea
Tetrao urogalloides
Tetrao urogallus
Tetraogallus altaicus
Tetraogallus himalayensis
Tetraogallus tibetanus
Tetraophasis obscurus
Tetraophasis szechenyii
Tetrax tetrax
Threskiornis melanocephalus
Tichodroma muraria
Tickellia hodgsoni
Timalia pileata
Tragopan blythii
Tragopan caboti
Tragopan satyra
Tragopan temminckii
Treron apicauda
Treron curvirostra
Treron formosae
Treron phayrei
Treron phoenicopterus
Treron sieboldii
Treron sphenurus
Trichastoma tickelli
Tringa brevipes
Tringa erythropus
Tringa glareola
Tringa nebularia
Tringa ochropus
Tringa stagnatilis
Tringa totanus
Trochalopteron affine
Trochalopteron chrysopterum
Trochalopteron elliotii
Trochalopteron erythrocephalum
Trochalopteron formosum
Trochalopteron henrici
Trochalopteron imbricatum
Trochalopteron lineatum
Trochalopteron melanostigma
Trochalopteron milnei
Trochalopteron morrisonianum
Trochalopteron squamatum
Trochalopteron subunicolor
Trochalopteron variegatum
Troglodytes troglodytes
Tropicoperdix chloropus
Turdinus brevicaudatus
Turdinus crispifrons
Turdus albocinctus
Turdus atrogularis
Turdus boulboul
Turdus cardis
Turdus chrysolaus
Turdus dissimilis
Turdus eunomus
Turdus feae
Turdus hortulorum
Turdus kessleri
Turdus mandarinus
Turdus maximus
Turdus merula
Turdus naumanni
Turdus niveiceps
Turdus obscurus
Turdus pallidus
Turdus pilaris
Turdus rubrocanus
Turdus ruficollis
Turdus viscivorus
Turnix suscitator
Turnix sylvaticus
Turnix tanki
Tyto alba
Tyto longimembris
Upupa epops
Urocissa caerulea
Urocissa erythroryncha
Urocissa flavirostris
Urocissa whiteheadi
Urocissa xanthomelana
Urocynchramus pylzowi
Urosphena squameiceps
Vanellus cinereus
Vanellus duvaucelii
Vanellus gregarius
Vanellus indicus
Vanellus vanellus
Xenus cinereus
Yuhina bakeri
Yuhina brunneiceps
Yuhina castaniceps
Yuhina diademata
Yuhina flavicollis
Yuhina gularis
Yuhina nigrimenta
Yuhina occipitalis
Yuhina torqueola
Zapornia akool
Zapornia bicolor
Zapornia fusca
Zapornia parva
Zapornia paykullii
Zapornia pusilla
Zoothera aurea
Zoothera dauma
Zoothera dixoni
Zoothera griseiceps
Zoothera marginata
Zoothera mollissima
Zoothera salimalii
Zosterops erythropleurus
Zosterops palpebrosus
Zosterops simplex
Aeretes melanopterus
Ailuropoda melanoleuca
Ailurus fulgens
Alces alces
Allactaga balikunica
Allactaga bullata
Allactaga elater
Allactaga major
Allactaga sibirica
Allocricetulus curtatus
Allocricetulus eversmanni
Alticola argentatus
Alticola barakshin
Alticola macrotis
Alticola semicanus
Alticola stoliczkanus
Alticola strelzowi
Anourosorex squamipes
Anourosorex yamashinai
Aonyx cinereus
Apodemus agrarius
Apodemus chevrieri
Apodemus draco
Apodemus latronum
Apodemus pallipes
Apodemus peninsulae
Apodemus semotus
Apodemus uralensis
Arctictis binturong
Arctogalidia trivirgata
Arctonyx albogularis
Arctonyx collaris
Arielulus circumdatus
Arielulus torquatus
Arvicola amphibius
Aselliscus stoliczkanus
Atherurus macrourus
Axis porcinus
Bandicota indica
Barbastella beijingensis
Barbastella darjelingensis
Barbastella leucomelas
Belomys pearsonii
Berylmys berdmorei
Berylmys bowersi
Berylmys mackenziei
Berylmys manipulus
Blarinella griselda
Blarinella quadraticauda
Blarinella wardi
Bos gaurus
Bos mutus
Brachiones przewalskii
Budorcas taxicolor
Callosciurus caniceps
Callosciurus erythraeus
Callosciurus inornatus
Callosciurus phayrei
Callosciurus pygerythrus
Callosciurus quinquestriatus
Camelus ferus
Canis lupus
Cansumys canus
Capra sibirica
Capreolus pygargus
Capricornis rubidus
Capricornis sumatraensis
Capricornis swinhoei
Cardiocranius paradoxus
Caryomys eva
Caryomys inez
Catopuma temminckii
Cervus albirostris
Cervus canadensis
Cervus hanglu
Cervus nippon
Chaerephon plicatus
Chaetocauda sichuanensis
Chimarrogale himalayica
Chimarrogale styani
Chiromyscus chiropus
Chiropodomys gliroides
Chodsigoa caovansunga
Chodsigoa hypsibia
Chodsigoa lamula
Chodsigoa parca
Chodsigoa parva
Chodsigoa salenskii
Chodsigoa smithii
Chodsigoa sodalis
Chrotogale owstoni
Coelops frithii
Cricetulus alticola
Cricetulus barabensis
Cricetulus kamensis
Cricetulus lama
Cricetulus longicaudatus
Cricetulus migratorius
Cricetulus sokolovi
Cricetulus tibetanus
Cricetus cricetus
Crocidura attenuata
Crocidura fuliginosa
Crocidura gmelini
Crocidura indochinensis
Crocidura lasiura
Crocidura rapax
Crocidura shantungensis
Crocidura sibirica
Crocidura suaveolens
Crocidura tanakae
Crocidura vorax
Crocidura wuchihensis
Cuon alpinus
Cynopterus brachyotis
Cynopterus sphinx
Dacnomys millardi
Dipus sagitta
Dremomys gularis
Dremomys lokriah
Dremomys pernyi
Dremomys pyrrhomerus
Dremomys rufigenis
Dryomys nitedula
Elaphodus cephalophus
Elaphurus davidianus
Elephas maximus
Ellobius tancrei
Eolagurus luteus
Eolagurus przewalskii
Eonycteris spelaea
Eospalax fontanierii
Eospalax rothschildi
Eospalax smithii
Eothenomys cachinus
Eothenomys chinensis
Eothenomys custos
Eothenomys melanogaster
Eothenomys miletus
Eothenomys olitor
Eothenomys proditor
Eothenomys wardi
Eozapus setchuanus
Episoriculus caudatus
Episoriculus fumidus
Episoriculus leucops
Episoriculus macrurus
Eptesicus gobiensis
Eptesicus nilssonii
Eptesicus pachyomus
Eptesicus pachyotis
Eptesicus serotinus
Equus ferus
Equus hemionus
Equus kiang
Erinaceus amurensis
Euchoreutes naso
Euroscaptor grandis
Euroscaptor klossi
Euroscaptor longirostris
Euroscaptor micrura
Euroscaptor parvidens
Eutamias sibiricus
Felis bieti
Felis chaus
Felis silvestris
Gazella subgutturosa
Gulo gulo
Hadromys yunnanensis
Hapalomys delacouri
Harpiocephalus harpia
Harpiola isodon
Helarctos malayanus
Hemiechinus auritus
Hemitragus jemlahicus
Herpestes auropunctatus
Herpestes javanicus
Herpestes urva
Hipposideros armiger
Hipposideros gentilis
Hipposideros grandis
Hipposideros larvatus
Hipposideros lylei
Hipposideros pratti
Hoolock tianxing
Hydropotes inermis
Hylobates lar
Hylomys suillus
Hylopetes alboniger
Hylopetes phayrei
Hypsugo affinis
Hypsugo alaschanicus
Hypsugo pulveratus
Hypsugo savii
Hystrix brachyura
Hystrix indica
Ia io
Kerivoula furva
Kerivoula picta
Kerivoula titania
Lagurus lagurus
Lasiopodomys brandtii
Lasiopodomys fuscus
Lasiopodomys mandarinus
Leopoldamys edwardsi
Lepus comus
Lepus coreanus
Lepus hainanus
Lepus mandshuricus
Lepus oiostolus
Lepus sinensis
Lepus tibetanus
Lepus timidus
Lepus tolai
Lepus yarkandensis
Lipotes vexillifer
Lutra lutra
Lutrogale perspicillata
Lynx lynx
Lyroderma lyra
Macaca arctoides
Macaca assamensis
Macaca cyclopis
Macaca leonina
Macaca mulatta
Macaca munzala
Macaca thibetana
Macroglossus sobrinus
Manis javanica
Manis pentadactyla
Marmota baibacina
Marmota caudata
Marmota himalayana
Marmota sibirica
Martes flavigula
Martes foina
Martes zibellina
Maxomys surifer
Meles leucurus
Melogale moschata
Melogale personata
Menetes berdmorei
Meriones chengi
Meriones libycus
Meriones meridianus
Meriones tamariscinus
Meriones unguiculatus
Mesechinus dauuricus
Mesechinus hughi
Micromys minutus
Microtus agrestis
Microtus arvalis
Microtus clarkei
Microtus fortis
Microtus gregalis
Microtus ilaeus
Microtus kikuchii
Microtus limnophilus
Microtus maximowiczii
Microtus mongolicus
Microtus socialis
Miniopterus magnater
Miniopterus pusillus
Mogera insularis
Mogera robusta
Moschus anhuiensis
Moschus berezovskii
Moschus chrysogaster
Moschus fuscus
Moschus leucogaster
Moschus moschiferus
Muntiacus crinifrons
Muntiacus gongshanensis
Muntiacus putaoensis
Muntiacus reevesi
Muntiacus rooseveltorum
Muntiacus vaginalis
Murina aurata
Murina bicolor
Murina chrysochaetes
Murina cyclotis
Murina eleryi
Murina feae
Murina fusca
Murina gracilis
Murina harrisoni
Murina hilgendorfi
Murina huttoni
Murina leucogaster
Murina lorelieae
Murina puta
Murina recondita
Murina shuipuensis
Murina ussuriensis
Mus caroli
Mus cookii
Mus musculus
Mus pahari
Mustela altaica
Mustela erminea
Mustela eversmanii
Mustela kathiah
Mustela nivalis
Mustela russelliana
Mustela sibirica
Mustela strigidorsa
Myodes centralis
Myodes rufocanus
Myodes rutilus
Myodes shanseius
Myopus schisticolor
Myospalax aspalax
Myospalax psilurus
Myotis altarium
Myotis annectans
Myotis badius
Myotis blythii
Myotis bombinus
Myotis chinensis
Myotis davidii
Myotis fimbriatus
Myotis formosus
Myotis frater
Myotis hasseltii
Myotis horsfieldii
Myotis ikonnikovi
Myotis indochinensis
Myotis laniger
Myotis longicaudatus
Myotis longipes
Myotis macrodactylus
Myotis montivagus
Myotis nipalensis
Myotis pequinius
Myotis petax
Myotis pilosus
Myotis rufoniger
Myotis secundus
Myotis sibiricus
Myotis siligorensis
Myotis soror
Naemorhedus baileyi
Naemorhedus caudatus
Naemorhedus goral
Nectogale elegans
Neodon forresti
Neodon irene
Neodon linzhiensis
Neodon sikimensis
Neofelis nebulosa
Neohylomys hainanensis
Neomys fodiens
Neotetracus sinensis
Nesokia indica
Niviventer andersoni
Niviventer brahma
Niviventer confucianus
Niviventer coninga
Niviventer culturatus
Niviventer eha
Niviventer excelsior
Niviventer fulvescens
Niviventer langbianis
Niviventer tenaster
Nomascus concolor
Nomascus hainanus
Nomascus leucogenys
Nomascus nasutus
Nyctalus aviator
Nyctalus leisleri
Nyctalus noctula
Nyctalus plancyi
Nyctereutes procyonoides
Nycticebus bengalensis
Nycticebus pygmaeus
Ochotona alpina
Ochotona argentata
Ochotona cansus
Ochotona coreana
Ochotona curzoniae
Ochotona dauurica
Ochotona erythrotis
Ochotona forresti
Ochotona gloveri
Ochotona hyperborea
Ochotona iliensis
Ochotona koslowi
Ochotona ladacensis
Ochotona macrotis
Ochotona mantchurica
Ochotona nubrica
Ochotona pallasii
Ochotona pusilla
Ochotona roylei
Ochotona rutila
Ochotona syrinx
Ochotona thibetana
Ochotona thomasi
Otocolobus manul
Ovis ammon
Paguma larvata
Panthera pardus
Panthera tigris
Panthera uncia
Pantholops hodgsonii
Paradoxurus hermaphroditus
Parascaptor leucura
Pardofelis marmorata
Petaurista alborufus
Petaurista elegans
Petaurista magnificus
Petaurista mechukaensis
Petaurista mishmiensis
Petaurista nobilis
Petaurista petaurista
Petaurista philippensis
Petaurista xanthotis
Phaiomys leucurus
Phodopus campbelli
Phodopus roborovskii
Pipistrellus abramus
Pipistrellus aladdin
Pipistrellus ceylonicus
Pipistrellus coromandra
Pipistrellus javanicus
Pipistrellus paterculus
Plecotus ariel
Plecotus kozlovi
Plecotus ognevi
Plecotus strelkovi
Plecotus taivanus
Prionailurus bengalensis
Prionodon pardicolor
Procapra gutturosa
Procapra picticaudata
Procapra przewalskii
Proedromys bedfordi
Proedromys liangshanensis
Pseudois nayaur
Pteromys volans
Pteropus dasymallus
Pteropus giganteus
Pteropus vampyrus
Pygeretmus pumilio
Rattus andamanensis
Rattus exulans
Rattus losea
Rattus nitidus
Rattus norvegicus
Rattus pyctoris
Rattus tanezumi
Ratufa bicolor
Rhinolophus affinis
Rhinolophus ferrumequinum
Rhinolophus formosae
Rhinolophus hipposideros
Rhinolophus huananus
Rhinolophus lepidus
Rhinolophus luctus
Rhinolophus macrotis
Rhinolophus marshalli
Rhinolophus osgoodi
Rhinolophus paradoxolophus
Rhinolophus pearsonii
Rhinolophus pusillus
Rhinolophus rex
Rhinolophus schnitzleri
Rhinolophus siamensis
Rhinolophus sinicus
Rhinolophus subbadius
Rhinolophus thomasi
Rhinolophus trifoliatus
Rhinolophus xinanzhongguoensis
Rhinolophus yunanensis
Rhinopithecus bieti
Rhinopithecus brelichi
Rhinopithecus roxellana
Rhinopithecus strykeri
Rhizomys pruinosus
Rhizomys sinensis
Rhizomys sumatrensis
Rhombomys opimus
Rousettus amplexicaudatus
Rousettus leschenaultii
Rucervus eldii
Rusa unicolor
Salpingotus crassicauda
Salpingotus kozlovi
Scapanulus oweni
Scaptochirus moschatus
Scaptonyx fusicaudus
Sciurotamias davidianus
Sciurotamias forresti
Sciurus vulgaris
Scotomanes ornatus
Scotophilus heathii
Scotophilus kuhlii
Selevinia betpakdalaensis
Semnopithecus schistaceus
Sicista caudata
Sicista concolor
Sicista pseudonapaea
Sicista subtilis
Sicista tianshanica
Sorex asper
Sorex bedfordiae
Sorex caecutiens
Sorex cansulus
Sorex cylindricauda
Sorex daphaenodon
Sorex excelsus
Sorex gracillimus
Sorex isodon
Sorex kozlovi
Sorex minutissimus
Sorex minutus
Sorex mirabilis
Sorex planiceps
Sorex roboratus
Sorex sinalis
Sorex thibetanus
Sorex tundrensis
Sorex unguiculatus
Soriculus nigrescens
Spermophilus alashanicus
Spermophilus brevicauda
Spermophilus dauricus
Spermophilus erythrogenys
Spermophilus fulvus
Spermophilus major
Spermophilus pallidicauda
Spermophilus ralli
Sphaerias blanfordi
Stylodipus andrewsi
Stylodipus sungorus
Stylodipus telum
Submyotodon latirostris
Suncus etruscus
Suncus murinus
Sus scrofa
Tadarida latouchei
Tadarida teniotis
Tamiops maritimus
Tamiops mcclellandii
Tamiops swinhoei
Taphozous melanopogon
Taphozous theobaldi
Thainycteris aureocollaris
Trachypithecus crepusculus
Trachypithecus francoisi
Trachypithecus leucocephalus
Trachypithecus pileatus
Trachypithecus shortridgei
Tragulus kanchil
Tragulus williamsoni
Trogopterus xanthipes
Tscherskia triton
Tupaia belangeri
Tylonycteris pygmaeus
Tylonycteris robustula
Typhlomys cinereus
Urocitellus undulatus
Uropsilus andersoni
Uropsilus gracilis
Uropsilus investigator
Uropsilus soricipes
Ursus arctos
Ursus thibetanus
Vandeleuria oleracea
Vernaya fulva
Vespertilio murinus
Vespertilio sinensis
Viverra megaspila
Viverra zibetha
Viverricula indica
Volemys millicens
Volemys musseri
Vormela peregusna
Traceback (most recent call last):
  File "/home/hmp/paleoclimate/phylogenetic_tree/ND2/ND2_add.py", line 62, in <module>
    ND2_add(os.sys.argv[1])                     
  File "/home/hmp/paleoclimate/phylogenetic_tree/ND2/ND2_add.py", line 44, in ND2_add
    records = Entrez.read(search_result)
  File "/home/hmp/miniconda3/envs/py3/lib/python3.9/site-packages/Bio/Entrez/__init__.py", line 508, in read
    record = handler.read(handle)
  File "/home/hmp/miniconda3/envs/py3/lib/python3.9/site-packages/Bio/Entrez/Parser.py", line 335, in read
    self.parser.ParseFile(handle)
  File "/home/conda/feedstock_root/build_artifacts/python-split_1632942475445/work/Modules/pyexpat.c", line 459, in EndElement
  File "/home/hmp/miniconda3/envs/py3/lib/python3.9/site-packages/Bio/Entrez/Parser.py", line 704, in endErrorElementHandler
    raise RuntimeError(value)
RuntimeError: Search Backend failed: 		

Vulpes corsac
Vulpes ferrilata
Traceback (most recent call last):
  File "/home/hmp/paleoclimate/phylogenetic_tree/ND2/ND2_add.py", line 62, in <module>
    ND2_add(os.sys.argv[1])                     
  File "/home/hmp/paleoclimate/phylogenetic_tree/ND2/ND2_add.py", line 44, in ND2_add
    records = Entrez.read(search_result)
  File "/home/hmp/miniconda3/envs/py3/lib/python3.9/site-packages/Bio/Entrez/__init__.py", line 508, in read
    record = handler.read(handle)
  File "/home/hmp/miniconda3/envs/py3/lib/python3.9/site-packages/Bio/Entrez/Parser.py", line 335, in read
    self.parser.ParseFile(handle)
  File "/home/conda/feedstock_root/build_artifacts/python-split_1632942475445/work/Modules/pyexpat.c", line 459, in EndElement
  File "/home/hmp/miniconda3/envs/py3/lib/python3.9/site-packages/Bio/Entrez/Parser.py", line 704, in endErrorElementHandler
    raise RuntimeError(value)
RuntimeError: Search Backend failed: 		

Ablepharus deserti
Acanthosaura lepidogaster
Traceback (most recent call last):
  File "/home/hmp/paleoclimate/phylogenetic_tree/ND2/ND2_add.py", line 62, in <module>
    ND2_add(os.sys.argv[1])                     
  File "/home/hmp/paleoclimate/phylogenetic_tree/ND2/ND2_add.py", line 44, in ND2_add
    records = Entrez.read(search_result)
  File "/home/hmp/miniconda3/envs/py3/lib/python3.9/site-packages/Bio/Entrez/__init__.py", line 508, in read
    record = handler.read(handle)
  File "/home/hmp/miniconda3/envs/py3/lib/python3.9/site-packages/Bio/Entrez/Parser.py", line 335, in read
    self.parser.ParseFile(handle)
  File "/home/conda/feedstock_root/build_artifacts/python-split_1632942475445/work/Modules/pyexpat.c", line 459, in EndElement
  File "/home/hmp/miniconda3/envs/py3/lib/python3.9/site-packages/Bio/Entrez/Parser.py", line 704, in endErrorElementHandler
    raise RuntimeError(value)
RuntimeError: Search Backend failed: 		

Achalinus ater
Achalinus formosanus
Achalinus hainanus
Achalinus jinggangensis
Achalinus meiguensis
Achalinus niger
Traceback (most recent call last):
  File "/home/hmp/paleoclimate/phylogenetic_tree/ND2/ND2_add.py", line 62, in <module>
    ND2_add(os.sys.argv[1])                     
  File "/home/hmp/paleoclimate/phylogenetic_tree/ND2/ND2_add.py", line 44, in ND2_add
    records = Entrez.read(search_result)
  File "/home/hmp/miniconda3/envs/py3/lib/python3.9/site-packages/Bio/Entrez/__init__.py", line 508, in read
    record = handler.read(handle)
  File "/home/hmp/miniconda3/envs/py3/lib/python3.9/site-packages/Bio/Entrez/Parser.py", line 335, in read
    self.parser.ParseFile(handle)
  File "/home/conda/feedstock_root/build_artifacts/python-split_1632942475445/work/Modules/pyexpat.c", line 459, in EndElement
  File "/home/hmp/miniconda3/envs/py3/lib/python3.9/site-packages/Bio/Entrez/Parser.py", line 704, in endErrorElementHandler
    raise RuntimeError(value)
RuntimeError: Search Backend failed: 		

Achalinus rufescens
Achalinus spinalis
Acrochordus granulatus
Ahaetulla prasina
Aipysurus eydouxii
Alligator sinensis
Alsophylax pipiens
Alsophylax przewalskii
Altiphylax stoliczkai
Amphiesmoides ornaticeps
Archelaphe bella
Argyrophis diardii
Argyrophis koshunensis
Asymblepharus alaicus
Ateuchosaurus chinensis
Atretium yunnanensis
Boiga guangxiensis
Boiga kraepelini
Bungarus fasciatus
Bungarus magnimaculatus
Bungarus multicinctus
Bungarus wanghaotingi
Calamaria pavimentata
Calamaria septentrionalis
Calamaria yunnanensis
Calotes medogensis
Caretta caretta
Cuora galbinifrons
Cuora mouhotii
Cuora trifasciata
Cylindrophis ruffus
Cyrtodactylus cayuensis
Cyrtodactylus medogensis
Cyrtodactylus tibetanus
Cyrtodactylus zhaoermii
Dendrelaphis gorei
Dendrelaphis hollinrakei
Dendrelaphis ngansonensis
Dendrelaphis subocularis
Dermochelys coriacea
Dibamus bogadeki
Dibamus bourreti
Diploderma batangensis
Diploderma brevicauda
Diploderma brevipes
Diploderma dymondi
Diploderma fasciata
Diploderma flaviceps
Diploderma grahami
Diploderma iadinum
Diploderma laeviventre
Diploderma luei
Diploderma makii
Diploderma micangshanensis
Diploderma polygonatum
Diploderma slowinskii
Diploderma splendidum
Diploderma swinhonis
Diploderma varcoae
Diploderma vela
Diploderma yulongense
Diploderma yunnanense
Diploderma zhaoermii
Dopasia hainanensis
Dopasia harti
Dopasia ludovici
Draco blanfordii
Draco maculatus
Elaphe bimaculata
Elaphe carinata
Elaphe davidi
Elaphe dione
Elaphe moellendorffi
Elaphe schrenckii
Emydocephalus ijimae
Eremias argus
Eremias arguta
Eremias brenchleyi
Eremias buechneri
Eremias grammica
Eremias kokshaaliensis
Eremias multiocellata
Eremias przewalskii
Eremias quadrifrons
Eremias stummeri
Eremias velox
Eremias vermiculata
Eremias yarkandensis
Eretmochelys imbricata
Eryx tataricus
Euprepiophis mandarinus
Euprepiophis perlacea
Eutropis longicaudata
Eutropis multifasciata
Fowlea flavipunctatus
Gekko adleri
Gekko auriverrucosus
Gekko bannaense
Gekko chinensis
Gekko gecko
Gekko guishanicus
Gekko hokouensis
Gekko japonicus
Gekko kwangsiensis
Gekko liboensis
Gekko melli
Gekko reevesii
Gekko scabridus
Gekko similignum
Gekko subpalmatus
Gekko swinhonis
Gekko taibaiensis
Gekko wenxianensis
Geoemyda spengleri
Gloydius saxatilis
Goniurosaurus araneus
Goniurosaurus bawanglingensis
Goniurosaurus hainanensis
Goniurosaurus liboensis
Goniurosaurus luii
Goniurosaurus zhelongi
Goniurosaurus zhoui
Gonyosoma boulengeri
Gonyosoma prasinum
Hebius atemporale
Hebius bitaeniatum
Hebius boulengeri
Hebius chapaensis
Hebius craspedogaster
Hebius metusium
Hebius miyajimae
Hebius modestum
Hebius octolineatum
Hebius optatum
Hebius popei
Hebius sauteri
Hebius taronensis
Hebius venningi
Hebius vibakari
Hemidactylus bowringii
Hemidactylus brookii
Hemidactylus frenatus
Hemidactylus stejnegeri
Hemidactylus vietnamensis
Hemiphyllodactylus changningensis
Hemiphyllodactylus hongkongensis
Hemiphyllodactylus huishuiensis
Hemiphyllodactylus yunnanensis
Hemiphyllodactylus zugi
Hemorrhois ravergieri
Hydrophis caerulescens
Hydrophis curtus
Hydrophis cyanocinctus
Hydrophis gracilis
Hydrophis melanocephalus
Hydrophis ornatus
Hydrophis peronii
Hydrophis platurus
Hydrophis schistosus
Hydrophis stokesii
Hydrophis torquatus
Hydrophis viperinus
Hypsiscopus plumbea
Indotestudo elongata
Indotyphlops lazelli
Japalura tricarinata
Kerilia jerdoni
Lacerta agilis
Laticauda colubrina
Laticauda laticaudata
Laticauda semifasciata
Laudakia papenfussi
Laudakia sacra
Laudakia wui
Leiolepis reevesii
Lepidochelys olivacea
Liopeltis frenatus
Lycodon capucinus
Lycodon davisonii
Lycodon flavozonatus
Lycodon futsingensis
Lycodon gongshan
Lycodon laoensis
Lycodon meridionale
Lycodon multizonatus
Lycodon rosozonatus
Lycodon rufozonatus
Lycodon ruhstrati
Lycodon subcinctus
Lycodon synaptor
Manouria impressa
Mauremys mutica
Mauremys sinensis
Mediodactylus russowii
Melanochelys trijuga
Myrrophis bennettii
Myrrophis chinensis
Naja atra
Naja kaouthia
Natrix tessellata
Nilssonia formosa
Oligodon chinensis
Oligodon cinereus
Oligodon cyclurus
Oligodon eberhardti
Oligodon formosanus
Oligodon lacroixi
Oligodon lungshenensis
Oligodon ornatus
Oocatochus rufodorsatus
Ophiophagus hannah
Opisthotropis andersonii
Opisthotropis cheni
Opisthotropis guangxiensis
Opisthotropis jacobi
Opisthotropis kuatunensis
Opisthotropis lateralis
Opisthotropis latouchii
Opisthotropis maculosa
Opisthotropis maxwelli
Orientocoluber spinalis
Ovophis monticola
Palea steindachneri
Paralaudakia stoliczkana
Paratapinophis praemaxillaris
Pareas boulengeri
Pareas carinatus
Pareas chinensis
Pareas formosensis
Pareas hamptoni
Pareas margaritophorus
Pareas nigriceps
Pareas stanleyi
Pelochelys cantorii
Phrynocephalus alpherakii
Phrynocephalus axillaris
Phrynocephalus erythrurus
Phrynocephalus forsythii
Phrynocephalus frontalis
Phrynocephalus helioscopus
Phrynocephalus kuschakewitschi
Phrynocephalus melanurus
Phrynocephalus mystaceus
Phrynocephalus przewalskii
Phrynocephalus putjatai
Phrynocephalus theobaldi
Phrynocephalus versicolor
Phrynocephalus vlangalii
Physignathus cocincinus
Plagiopholis blakewayi
Plagiopholis nuchalis
Plagiopholis styani
Platysternon megacephalum
Plestiodon capito
Plestiodon chinensis
Plestiodon elegans
Plestiodon leucostictus
Plestiodon liui
Plestiodon popei
Plestiodon quadrilineatus
Plestiodon tamdaoensis
Plestiodon tunganus
Protobothrops jerdonii
Protobothrops kaulbacki
Protobothrops mucrosquamatus
Protobothrops xiangchengensis
Pseudagkistrodon rudis
Pseudocalotes brevipes
Pseudocalotes kakhienensis
Pseudocalotes kingdonwardi
Pseudocalotes microlepis
Pseudoxenodon bambusicola
Pseudoxenodon karlschmidti
Pseudoxenodon macrops
Pseudoxenodon stejnegeri
Ptyas major
Ptyas multicinctus
Python bivittatus
Rafetus swinhoei
Rhabdophis adleri
Rhabdophis callichroma
Rhabdophis leonardi
Rhabdophis nigrocinctus
Rhabdophis nuchalis
Rhabdophis pentasupralabialis
Rhabdophis subminiatus
Rhabdophis swinhonis
Rhabdophis tigrinus
Sacalia quadriocellata
Scincella barbouri
Scincella doriae
Scincella formosensis
Scincella huanrenensis
Scincella modesta
Scincella monticola
Scincella ochracea
Scincella potanini
Scincella przewalskii
Scincella schmidti
Scincella tsinlingensis
Sibynophis chinensis
Sibynophis collaris
Sinomicrurus kelloggi
Sinomicrurus sauteri
Sphenomorphus incognitus
Sphenomorphus taiwanensis
Sphenomorphus tonkinensis
Stichophanes ningshaanensis
Takydromus albomaculosus
Takydromus amurensis
Takydromus formosanus
Takydromus hsuehshanensis
Takydromus intermedius
Takydromus kuehnei
Takydromus luyeanus
Takydromus sauteri
Takydromus septentrionalis
Takydromus sexlineatus
Takydromus stejnegeri
Takydromus sylvaticus
Takydromus viridipunctatus
Takydromus wolteri
Tenuidactylus dadunensis
Tenuidactylus elongatus
Teratoscincus przewalskii
Teratoscincus roborowskii
Teratoscincus scincus
Thermophis baileyi
Thermophis zhaoermii
Trapelus sanguinolentus
Trimeresurus albolabris
Trimerodytes aequifasciatus
Trimerodytes percarinatus
Trimerodytes yunnanensis
Tropidophorus berdmorei
Tropidophorus guangxiensis
Tropidophorus hainanus
Tropidophorus sinicus
Varanus bengalensis
Varanus salvator
Xenopeltis hainanensis
Xenopeltis unicolor
Zootoca vivipara
Acanthosaura armata
Ablepharus alaicus
Scincella himalayanus
Scincella ladacensis
Scincella sikimmensis
Calotes emma
Calotes jerdoni
Calotes mystaceus
Calotes versicolor
Cyrtopodion medogense
Dopasia gracilis
Emoia atrocostata
Gehyra mutilata
Gekko kikuchii
Goniurosaurus kadoorieorum
Goniurosaurus kwangsiensis
Goniurosaurus lichtenfelderi
Goniurosaurus yingdeensis
Hemidactylus aquilonius
Hemidactylus garnotii
Hemidactylus platyurus
Hemiphyllodactylus typus
Japalura andersoniana
Diploderma batangense
Diploderma brevicaudum
Diploderma fasciatum
Laudakia tuberculata
Lepidodactylus lugubris
Lepidodactylus yami
Calotes paulus
Laudakia himalayana
Laudakia stoliczkana
Ptyctolaemus gularis
Scincella reevesii
SQUAMATA Shinisauridae
Sphenomorphus courcyanum
Sphenomorphus indicus
Sphenomorphus maculatus
Acanthosaura tongbiguanensis
Cyrtodactylus wayakonei
Diploderma chapaense
Diploderma drukdaypo
Diploderma micangshanense
Diploderma swild
Eremias roborowskii
Eutropis cumingi
Goniurosaurus sinensis
Hemiphyllodactylus dushanensis
Hemiphyllodactylus jinpingensis
Hemiphyllodactylus longlingensis
Phrynocephalus grumgrzimailoi
Phrynocephalus nasatus
Pseudocalotes austeniana
Ptychozoon bannaense
Takydromus yunkaiensis
Varanus irrawadicus
Varanus nebulosus
Lygosoma bowringii
Eutropis multicarinata
Diploderma menghaiense


We are sorry, commands in file: [FailedCommands] failed.  :-( 

